2024-03-08 15:53:53,179 - INFO - selector : real_random
2024-03-08 15:53:53,182 - INFO - 💫来到第1个输入，还剩128个💫
2024-03-08 15:53:53,183 - INFO - ----------------------------------------------------------------------------------------------------
2024-03-08 15:53:58,960 - INFO - test unit 在第1轮编译失败，进行修复
2024-03-08 15:54:03,624 - INFO - test unit 在第2轮编译失败，进行修复
2024-03-08 15:54:09,332 - INFO - test unit 在第3轮编译失败，进行修复
2024-03-08 15:54:14,745 - INFO - test unit 4次编译均失败，放弃这一次的生成
2024-03-08 15:54:14,747 - INFO - 💫来到第2个输入，还剩127个💫
2024-03-08 15:54:14,748 - INFO - ----------------------------------------------------------------------------------------------------
2024-03-08 15:54:20,328 - INFO - test unit 在第1轮编译失败，进行修复
2024-03-08 15:54:26,190 - INFO - test unit 在第2轮编译失败，进行修复
2024-03-08 15:54:33,081 - INFO - test unit 在第3轮编译失败，进行修复
2024-03-08 15:54:40,513 - INFO - test unit 4次编译均失败，放弃这一次的生成
2024-03-08 15:54:40,514 - INFO - 💫来到第3个输入，还剩126个💫
2024-03-08 15:54:40,515 - INFO - ----------------------------------------------------------------------------------------------------
2024-03-08 15:54:46,830 - INFO - test unit 在第1轮编译失败，进行修复
2024-03-08 15:54:53,623 - INFO - test unit 在第2轮编译失败，进行修复
2024-03-08 15:54:58,655 - INFO - test unit 在第3轮编译失败，进行修复
2024-03-08 15:55:04,298 - INFO - test unit 4次编译均失败，放弃这一次的生成
2024-03-08 15:55:04,300 - INFO - 💫来到第4个输入，还剩125个💫
2024-03-08 15:55:04,301 - INFO - ----------------------------------------------------------------------------------------------------
2024-03-08 15:55:09,679 - INFO - test unit 在第1轮编译失败，进行修复
2024-03-08 15:55:14,137 - INFO - test unit 在第2轮编译失败，进行修复
2024-03-08 15:55:18,461 - INFO - test unit 在第3轮编译失败，进行修复
2024-03-08 15:55:23,386 - INFO - test unit 4次编译均失败，放弃这一次的生成
2024-03-08 15:55:23,387 - INFO - 💫来到第5个输入，还剩124个💫
2024-03-08 15:55:23,388 - INFO - ----------------------------------------------------------------------------------------------------
2024-03-08 15:55:28,958 - INFO - test unit 在第1轮编译失败，进行修复
2024-03-08 15:55:37,702 - INFO - test unit 在第2轮编译失败，进行修复
2024-03-08 15:55:44,796 - INFO - test unit 在第3轮编译失败，进行修复
2024-03-08 15:55:52,680 - INFO - test unit 4次编译均失败，放弃这一次的生成
2024-03-08 15:55:52,682 - INFO - 💫来到第6个输入，还剩123个💫
2024-03-08 15:55:52,682 - INFO - ----------------------------------------------------------------------------------------------------
2024-03-08 15:55:57,415 - INFO - test unit 在第1轮编译失败，进行修复
2024-03-08 15:56:02,401 - INFO - test unit 在第2轮编译成功
2024-03-08 15:56:03,309 - INFO - test unit 在第1轮执行成功
2024-03-08 15:56:03,310 - INFO - 💫来到第7个输入，还剩122个💫
2024-03-08 15:56:03,310 - INFO - ----------------------------------------------------------------------------------------------------
2024-03-08 15:56:08,810 - INFO - test unit 在第1轮编译失败，进行修复
2024-03-08 15:56:13,698 - INFO - test unit 在第2轮编译失败，进行修复
2024-03-08 15:56:19,638 - INFO - test unit 在第3轮编译失败，进行修复
2024-03-08 15:56:25,378 - INFO - test unit 4次编译均失败，放弃这一次的生成
2024-03-08 15:56:25,380 - INFO - 💫来到第8个输入，还剩121个💫
2024-03-08 15:56:25,381 - INFO - ----------------------------------------------------------------------------------------------------
2024-03-08 15:56:30,913 - INFO - test unit 在第1轮编译失败，进行修复
2024-03-08 15:56:36,590 - INFO - test unit 在第2轮编译失败，进行修复
2024-03-08 15:56:42,458 - INFO - test unit 在第3轮编译失败，进行修复
2024-03-08 15:56:48,637 - INFO - test unit 4次编译均失败，放弃这一次的生成
2024-03-08 15:56:48,638 - INFO - 💫来到第9个输入，还剩120个💫
2024-03-08 15:56:48,639 - INFO - ----------------------------------------------------------------------------------------------------
2024-03-08 15:56:54,938 - INFO - test unit 在第1轮编译成功
2024-03-08 15:56:56,670 - INFO - test unit 在第1轮执行失败，进行修复
2024-03-08 15:57:02,511 - INFO - test unit 在第2轮执行失败，进行修复
2024-03-08 15:57:09,228 - INFO - test unit 在第3轮执行成功
2024-03-08 15:57:09,230 - INFO - 💫来到第10个输入，还剩119个💫
2024-03-08 15:57:09,231 - INFO - ----------------------------------------------------------------------------------------------------
2024-03-08 15:57:13,959 - INFO - test unit 在第1轮编译失败，进行修复
2024-03-08 15:57:18,953 - INFO - test unit 在第2轮编译失败，进行修复
2024-03-08 15:57:23,854 - INFO - test unit 在第3轮编译失败，进行修复
2024-03-08 15:57:28,272 - INFO - test unit 4次编译均失败，放弃这一次的生成
2024-03-08 15:57:28,273 - INFO - 💫来到第11个输入，还剩118个💫
2024-03-08 15:57:28,274 - INFO - ----------------------------------------------------------------------------------------------------
2024-03-08 15:57:33,277 - INFO - test unit 在第1轮编译成功
2024-03-08 15:57:34,913 - INFO - test unit 在第1轮执行失败，进行修复
2024-03-08 15:57:39,402 - INFO - test unit 在第2轮执行成功
2024-03-08 15:57:39,404 - INFO - 💫来到第12个输入，还剩117个💫
2024-03-08 15:57:39,405 - INFO - ----------------------------------------------------------------------------------------------------
2024-03-08 15:57:44,487 - INFO - test unit 在第1轮编译成功
2024-03-08 15:57:45,752 - INFO - test unit 在第1轮执行失败，进行修复
2024-03-08 15:57:50,049 - INFO - test unit 在第2轮执行失败，进行修复
2024-03-08 15:57:54,401 - INFO - test unit 3次执行均失败，放弃这一次的生成
2024-03-08 15:57:54,402 - INFO - 最终没有生成可以执行通过的用例
----------------------------------------------------------------------------------------------------

2024-03-08 15:57:54,402 - INFO - 💫来到第13个输入，还剩116个💫
2024-03-08 15:57:54,403 - INFO - ----------------------------------------------------------------------------------------------------
2024-03-08 15:57:59,815 - INFO - test unit 在第1轮编译失败，进行修复
2024-03-08 15:58:06,923 - INFO - test unit 在第2轮编译成功
2024-03-08 15:58:09,093 - INFO - test unit 在第1轮执行失败，进行修复
2024-03-08 15:58:14,951 - INFO - test unit 在第2轮执行成功
2024-03-08 15:58:14,953 - INFO - 💫来到第14个输入，还剩115个💫
2024-03-08 15:58:14,954 - INFO - ----------------------------------------------------------------------------------------------------
2024-03-08 15:58:21,382 - INFO - test unit 在第1轮编译失败，进行修复
2024-03-08 15:58:28,229 - INFO - test unit 在第2轮编译失败，进行修复
2024-03-08 15:58:36,321 - INFO - test unit 在第3轮编译成功
2024-03-08 15:58:37,914 - INFO - test unit 在第1轮执行失败，进行修复
2024-03-08 15:58:45,298 - INFO - test unit 在第2轮执行失败，进行修复
2024-03-08 15:58:52,281 - INFO - test unit 3次执行均失败，放弃这一次的生成
2024-03-08 15:58:52,282 - INFO - 最终没有生成可以执行通过的用例
----------------------------------------------------------------------------------------------------

2024-03-08 15:58:52,283 - INFO - 💫来到第15个输入，还剩114个💫
2024-03-08 15:58:52,283 - INFO - ----------------------------------------------------------------------------------------------------
2024-03-08 15:58:57,344 - INFO - test unit 在第1轮编译失败，进行修复
2024-03-08 15:59:01,657 - INFO - test unit 在第2轮编译成功
2024-03-08 15:59:03,073 - INFO - test unit 在第1轮执行成功
2024-03-08 15:59:03,074 - INFO - 💫来到第16个输入，还剩113个💫
2024-03-08 15:59:03,076 - INFO - ----------------------------------------------------------------------------------------------------
2024-03-08 15:59:08,151 - INFO - test unit 在第1轮编译失败，进行修复
2024-03-08 15:59:13,203 - INFO - test unit 在第2轮编译成功
2024-03-08 15:59:14,508 - INFO - test unit 在第1轮执行成功
2024-03-08 15:59:14,509 - INFO - 💫来到第17个输入，还剩112个💫
2024-03-08 15:59:14,510 - INFO - ----------------------------------------------------------------------------------------------------
2024-03-08 15:59:19,536 - INFO - test unit 在第1轮编译失败，进行修复
2024-03-08 15:59:26,243 - INFO - test unit 在第2轮编译成功
2024-03-08 15:59:28,038 - INFO - test unit 在第1轮执行失败，进行修复
2024-03-08 15:59:33,557 - INFO - test unit 在第2轮执行成功
2024-03-08 15:59:33,558 - INFO - 💫来到第18个输入，还剩111个💫
2024-03-08 15:59:33,559 - INFO - ----------------------------------------------------------------------------------------------------
2024-03-08 15:59:38,396 - INFO - test unit 在第1轮编译失败，进行修复
2024-03-08 15:59:49,440 - INFO - test unit 在第2轮编译成功
2024-03-08 15:59:50,861 - INFO - test unit 在第1轮执行失败，进行修复
2024-03-08 15:59:56,105 - INFO - test unit 在第2轮执行成功
2024-03-08 15:59:56,107 - INFO - 💫来到第19个输入，还剩110个💫
2024-03-08 15:59:56,107 - INFO - ----------------------------------------------------------------------------------------------------
2024-03-08 16:00:00,702 - INFO - test unit 在第1轮编译失败，进行修复
2024-03-08 16:00:05,613 - INFO - test unit 在第2轮编译成功
2024-03-08 16:00:06,503 - INFO - test unit 在第1轮执行成功
2024-03-08 16:00:06,505 - INFO - 💫来到第20个输入，还剩109个💫
2024-03-08 16:00:06,506 - INFO - ----------------------------------------------------------------------------------------------------
2024-03-08 16:00:11,291 - INFO - test unit 在第1轮编译失败，进行修复
2024-03-08 16:00:17,800 - INFO - test unit 在第2轮编译失败，进行修复
2024-03-08 16:00:23,592 - INFO - test unit 在第3轮编译失败，进行修复
2024-03-08 16:00:29,267 - INFO - test unit 4次编译均失败，放弃这一次的生成
2024-03-08 16:00:29,270 - INFO - 💫来到第21个输入，还剩108个💫
2024-03-08 16:00:29,270 - INFO - ----------------------------------------------------------------------------------------------------
2024-03-08 16:00:33,764 - INFO - test unit 在第1轮编译失败，进行修复
2024-03-08 16:00:39,296 - INFO - test unit 在第2轮编译成功
2024-03-08 16:00:40,814 - INFO - test unit 在第1轮执行失败，进行修复
2024-03-08 16:00:45,797 - INFO - test unit 在第2轮执行失败，进行修复
2024-03-08 16:00:50,876 - INFO - test unit 在第3轮执行成功
2024-03-08 16:00:50,877 - INFO - 💫来到第22个输入，还剩107个💫
2024-03-08 16:00:50,878 - INFO - ----------------------------------------------------------------------------------------------------
2024-03-08 16:00:54,994 - INFO - test unit 在第1轮编译失败，进行修复
2024-03-08 16:01:00,244 - INFO - test unit 在第2轮编译成功
2024-03-08 16:01:01,712 - INFO - test unit 在第1轮执行失败，进行修复
2024-03-08 16:01:06,703 - INFO - test unit 在第2轮执行失败，进行修复
2024-03-08 16:01:11,747 - INFO - test unit 在第3轮执行成功
2024-03-08 16:01:11,751 - INFO - 💫来到第23个输入，还剩106个💫
2024-03-08 16:01:11,752 - INFO - ----------------------------------------------------------------------------------------------------
2024-03-08 16:01:16,404 - INFO - test unit 在第1轮编译失败，进行修复
2024-03-08 16:01:22,197 - INFO - test unit 在第2轮编译成功
2024-03-08 16:01:23,475 - INFO - test unit 在第1轮执行失败，进行修复
2024-03-08 16:01:27,448 - INFO - test unit 在第2轮执行失败，进行修复
2024-03-08 16:01:31,848 - INFO - test unit 3次执行均失败，放弃这一次的生成
2024-03-08 16:01:31,849 - INFO - 最终没有生成可以执行通过的用例
----------------------------------------------------------------------------------------------------

2024-03-08 16:01:31,849 - INFO - 💫来到第24个输入，还剩105个💫
2024-03-08 16:01:31,850 - INFO - ----------------------------------------------------------------------------------------------------
2024-03-08 16:01:36,378 - INFO - test unit 在第1轮编译成功
2024-03-08 16:01:37,498 - INFO - test unit 在第1轮执行失败，进行修复
2024-03-08 16:01:42,032 - INFO - test unit 在第2轮执行成功
2024-03-08 16:01:42,032 - INFO - 💫来到第25个输入，还剩104个💫
2024-03-08 16:01:42,033 - INFO - ----------------------------------------------------------------------------------------------------
2024-03-08 16:01:46,359 - INFO - test unit 在第1轮编译成功
2024-03-08 16:01:47,671 - INFO - test unit 在第1轮执行成功
2024-03-08 16:01:47,676 - INFO - 💫来到第26个输入，还剩103个💫
2024-03-08 16:01:47,677 - INFO - ----------------------------------------------------------------------------------------------------
2024-03-08 16:01:52,211 - INFO - test unit 在第1轮编译失败，进行修复
2024-03-08 16:01:56,494 - INFO - test unit 在第2轮编译成功
2024-03-08 16:01:57,801 - INFO - test unit 在第1轮执行失败，进行修复
2024-03-08 16:02:02,231 - INFO - test unit 在第2轮执行失败，进行修复
2024-03-08 16:02:07,655 - INFO - test unit 3次执行均失败，放弃这一次的生成
2024-03-08 16:02:07,656 - INFO - 最终没有生成可以执行通过的用例
----------------------------------------------------------------------------------------------------

2024-03-08 16:02:07,656 - INFO - 💫来到第27个输入，还剩102个💫
2024-03-08 16:02:07,657 - INFO - ----------------------------------------------------------------------------------------------------
2024-03-08 16:02:12,105 - INFO - test unit 在第1轮编译失败，进行修复
2024-03-08 16:02:15,925 - INFO - test unit 在第2轮编译成功
2024-03-08 16:02:17,353 - INFO - test unit 在第1轮执行失败，进行修复
2024-03-08 16:02:23,149 - INFO - test unit 在第2轮执行成功
2024-03-08 16:02:23,149 - INFO - 💫来到第28个输入，还剩101个💫
2024-03-08 16:02:23,150 - INFO - ----------------------------------------------------------------------------------------------------
2024-03-08 16:02:27,458 - INFO - test unit 在第1轮编译失败，进行修复
2024-03-08 16:02:32,028 - INFO - test unit 在第2轮编译成功
2024-03-08 16:02:33,819 - INFO - test unit 在第1轮执行成功
2024-03-08 16:02:33,820 - INFO - 💫来到第29个输入，还剩100个💫
2024-03-08 16:02:33,821 - INFO - ----------------------------------------------------------------------------------------------------
2024-03-08 16:02:38,601 - INFO - test unit 在第1轮编译失败，进行修复
2024-03-08 16:02:44,137 - INFO - test unit 在第2轮编译失败，进行修复
2024-03-08 16:02:50,073 - INFO - test unit 在第3轮编译成功
2024-03-08 16:02:51,133 - INFO - test unit 在第1轮执行成功
2024-03-08 16:02:51,134 - INFO - 💫来到第30个输入，还剩99个💫
2024-03-08 16:02:51,135 - INFO - ----------------------------------------------------------------------------------------------------
2024-03-08 16:02:56,534 - INFO - test unit 在第1轮编译失败，进行修复
2024-03-08 16:03:02,427 - INFO - test unit 在第2轮编译成功
2024-03-08 16:03:03,770 - INFO - test unit 在第1轮执行成功
2024-03-08 16:03:03,771 - INFO - 💫来到第31个输入，还剩98个💫
2024-03-08 16:03:03,772 - INFO - ----------------------------------------------------------------------------------------------------
2024-03-08 16:03:07,989 - INFO - test unit 在第1轮编译失败，进行修复
2024-03-08 16:03:12,812 - INFO - test unit 在第2轮编译成功
2024-03-08 16:03:14,664 - INFO - test unit 在第1轮执行失败，进行修复
2024-03-08 16:03:19,915 - INFO - test unit 在第2轮执行失败，进行修复
2024-03-08 16:03:25,442 - INFO - test unit 3次执行均失败，放弃这一次的生成
2024-03-08 16:03:25,442 - INFO - 最终没有生成可以执行通过的用例
----------------------------------------------------------------------------------------------------

2024-03-08 16:03:25,443 - INFO - 💫来到第32个输入，还剩97个💫
2024-03-08 16:03:25,444 - INFO - ----------------------------------------------------------------------------------------------------
2024-03-08 16:03:31,567 - INFO - test unit 在第1轮编译失败，进行修复
2024-03-08 16:03:36,753 - INFO - test unit 在第2轮编译成功
2024-03-08 16:03:38,216 - INFO - test unit 在第1轮执行成功
2024-03-08 16:03:38,216 - INFO - 💫来到第33个输入，还剩96个💫
2024-03-08 16:03:38,218 - INFO - ----------------------------------------------------------------------------------------------------
2024-03-08 16:03:43,002 - INFO - test unit 在第1轮编译失败，进行修复
2024-03-08 16:03:47,434 - INFO - test unit 在第2轮编译成功
2024-03-08 16:03:48,680 - INFO - test unit 在第1轮执行成功
2024-03-08 16:03:48,681 - INFO - 💫来到第34个输入，还剩95个💫
2024-03-08 16:03:48,683 - INFO - ----------------------------------------------------------------------------------------------------
2024-03-08 16:03:53,652 - INFO - test unit 在第1轮编译失败，进行修复
2024-03-08 16:03:58,131 - INFO - test unit 在第2轮编译成功
2024-03-08 16:04:00,265 - INFO - test unit 在第1轮执行成功
2024-03-08 16:04:00,267 - INFO - 💫来到第35个输入，还剩94个💫
2024-03-08 16:04:00,269 - INFO - ----------------------------------------------------------------------------------------------------
2024-03-08 16:04:05,182 - INFO - test unit 在第1轮编译失败，进行修复
2024-03-08 16:04:10,512 - INFO - test unit 在第2轮编译成功
2024-03-08 16:04:12,606 - INFO - test unit 在第1轮执行成功
2024-03-08 16:04:12,607 - INFO - 💫来到第36个输入，还剩93个💫
2024-03-08 16:04:12,609 - INFO - ----------------------------------------------------------------------------------------------------
2024-03-08 16:04:17,665 - INFO - test unit 在第1轮编译失败，进行修复
2024-03-08 16:04:23,830 - INFO - test unit 在第2轮编译失败，进行修复
2024-03-08 16:04:29,458 - INFO - test unit 在第3轮编译成功
2024-03-08 16:04:30,953 - INFO - test unit 在第1轮执行失败，进行修复
2024-03-08 16:04:41,528 - INFO - test unit 在第2轮执行失败，进行修复
2024-03-08 16:04:47,357 - INFO - test unit 3次执行均失败，放弃这一次的生成
2024-03-08 16:04:47,357 - INFO - 最终没有生成可以执行通过的用例
----------------------------------------------------------------------------------------------------

2024-03-08 16:04:47,358 - INFO - 💫来到第37个输入，还剩92个💫
2024-03-08 16:04:47,360 - INFO - ----------------------------------------------------------------------------------------------------
2024-03-08 16:04:52,847 - INFO - test unit 在第1轮编译失败，进行修复
2024-03-08 16:04:57,548 - INFO - test unit 在第2轮编译成功
2024-03-08 16:04:59,101 - INFO - test unit 在第1轮执行失败，进行修复
2024-03-08 16:05:04,092 - INFO - test unit 在第2轮执行成功
2024-03-08 16:05:04,092 - INFO - 💫来到第38个输入，还剩91个💫
2024-03-08 16:05:04,093 - INFO - ----------------------------------------------------------------------------------------------------
2024-03-08 16:05:08,954 - INFO - test unit 在第1轮编译失败，进行修复
2024-03-08 16:05:14,585 - INFO - test unit 在第2轮编译成功
2024-03-08 16:05:16,029 - INFO - test unit 在第1轮执行失败，进行修复
2024-03-08 16:05:22,044 - INFO - test unit 在第2轮执行失败，进行修复
2024-03-08 16:05:28,187 - INFO - test unit 3次执行均失败，放弃这一次的生成
2024-03-08 16:05:28,188 - INFO - 最终没有生成可以执行通过的用例
----------------------------------------------------------------------------------------------------

2024-03-08 16:05:28,188 - INFO - 💫来到第39个输入，还剩90个💫
2024-03-08 16:05:28,190 - INFO - ----------------------------------------------------------------------------------------------------
2024-03-08 16:05:33,269 - INFO - test unit 在第1轮编译失败，进行修复
2024-03-08 16:05:38,329 - INFO - test unit 在第2轮编译失败，进行修复
2024-03-08 16:05:44,468 - INFO - test unit 在第3轮编译成功
2024-03-08 16:05:45,897 - INFO - test unit 在第1轮执行失败，进行修复
2024-03-08 16:05:51,635 - INFO - test unit 在第2轮执行失败，进行修复
2024-03-08 16:05:57,501 - INFO - test unit 在第3轮执行成功
2024-03-08 16:05:57,503 - INFO - 💫来到第40个输入，还剩89个💫
2024-03-08 16:05:57,503 - INFO - ----------------------------------------------------------------------------------------------------
2024-03-08 16:06:02,542 - INFO - test unit 在第1轮编译失败，进行修复
2024-03-08 16:06:07,721 - INFO - test unit 在第2轮编译失败，进行修复
2024-03-08 16:06:13,126 - INFO - test unit 在第3轮编译成功
2024-03-08 16:06:14,773 - INFO - test unit 在第1轮执行失败，进行修复
2024-03-08 16:06:20,900 - INFO - test unit 在第2轮执行失败，进行修复
2024-03-08 16:06:26,587 - INFO - test unit 3次执行均失败，放弃这一次的生成
2024-03-08 16:06:26,588 - INFO - 最终没有生成可以执行通过的用例
----------------------------------------------------------------------------------------------------

2024-03-08 16:06:26,589 - INFO - 💫来到第41个输入，还剩88个💫
2024-03-08 16:06:26,590 - INFO - ----------------------------------------------------------------------------------------------------
2024-03-08 16:06:31,720 - INFO - test unit 在第1轮编译失败，进行修复
2024-03-08 16:06:37,036 - INFO - test unit 在第2轮编译成功
2024-03-08 16:06:38,631 - INFO - test unit 在第1轮执行失败，进行修复
2024-03-08 16:06:43,326 - INFO - test unit 在第2轮执行失败，进行修复
2024-03-08 16:06:48,488 - INFO - test unit 在第3轮执行成功
2024-03-08 16:06:48,491 - INFO - 💫来到第42个输入，还剩87个💫
2024-03-08 16:06:48,492 - INFO - ----------------------------------------------------------------------------------------------------
2024-03-08 16:06:53,970 - INFO - test unit 在第1轮编译失败，进行修复
2024-03-08 16:06:58,932 - INFO - test unit 在第2轮编译失败，进行修复
2024-03-08 16:07:11,902 - INFO - test unit 在第3轮编译成功
2024-03-08 16:07:14,089 - INFO - test unit 在第1轮执行失败，进行修复
2024-03-08 16:07:23,778 - INFO - test unit 在第2轮执行成功
2024-03-08 16:07:23,779 - INFO - 💫来到第43个输入，还剩86个💫
2024-03-08 16:07:23,780 - INFO - ----------------------------------------------------------------------------------------------------
2024-03-08 16:07:28,284 - INFO - test unit 在第1轮编译失败，进行修复
2024-03-08 16:07:34,193 - INFO - test unit 在第2轮编译成功
2024-03-08 16:07:36,593 - INFO - test unit 在第1轮执行失败，进行修复
2024-03-08 16:07:43,302 - INFO - test unit 在第2轮执行失败，进行修复
2024-03-08 16:07:50,115 - INFO - test unit 3次执行均失败，放弃这一次的生成
2024-03-08 16:07:50,120 - INFO - 最终没有生成可以执行通过的用例
----------------------------------------------------------------------------------------------------

2024-03-08 16:07:50,121 - INFO - 💫来到第44个输入，还剩85个💫
2024-03-08 16:07:50,122 - INFO - ----------------------------------------------------------------------------------------------------
2024-03-08 16:07:54,811 - INFO - test unit 在第1轮编译失败，进行修复
2024-03-08 16:07:59,703 - INFO - test unit 在第2轮编译成功
2024-03-08 16:08:01,198 - INFO - test unit 在第1轮执行成功
2024-03-08 16:08:01,200 - INFO - 💫来到第45个输入，还剩84个💫
2024-03-08 16:08:01,201 - INFO - ----------------------------------------------------------------------------------------------------
2024-03-08 16:08:06,641 - INFO - test unit 在第1轮编译成功
2024-03-08 16:08:08,152 - INFO - test unit 在第1轮执行失败，进行修复
2024-03-08 16:08:13,157 - INFO - test unit 在第2轮执行失败，进行修复
2024-03-08 16:08:18,137 - INFO - test unit 3次执行均失败，放弃这一次的生成
2024-03-08 16:08:18,137 - INFO - 最终没有生成可以执行通过的用例
----------------------------------------------------------------------------------------------------

2024-03-08 16:08:18,138 - INFO - 💫来到第46个输入，还剩83个💫
2024-03-08 16:08:18,140 - INFO - ----------------------------------------------------------------------------------------------------
2024-03-08 16:08:23,140 - INFO - test unit 在第1轮编译失败，进行修复
2024-03-08 16:08:28,218 - INFO - test unit 在第2轮编译失败，进行修复
2024-03-08 16:08:32,561 - INFO - test unit 在第3轮编译失败，进行修复
2024-03-08 16:08:37,954 - INFO - test unit 4次编译均失败，放弃这一次的生成
2024-03-08 16:08:37,954 - INFO - 💫来到第47个输入，还剩82个💫
2024-03-08 16:08:37,955 - INFO - ----------------------------------------------------------------------------------------------------
2024-03-08 16:08:42,598 - INFO - test unit 在第1轮编译失败，进行修复
2024-03-08 16:08:46,631 - INFO - test unit 在第2轮编译成功
2024-03-08 16:08:47,497 - INFO - test unit 在第1轮执行失败，进行修复
2024-03-08 16:08:53,923 - INFO - test unit 在第2轮执行成功
2024-03-08 16:08:53,926 - INFO - 💫来到第48个输入，还剩81个💫
2024-03-08 16:08:53,927 - INFO - ----------------------------------------------------------------------------------------------------
2024-03-08 16:08:58,956 - INFO - test unit 在第1轮编译成功
2024-03-08 16:08:59,934 - INFO - test unit 在第1轮执行失败，进行修复
2024-03-08 16:09:04,334 - INFO - test unit 在第2轮执行失败，进行修复
2024-03-08 16:09:08,246 - INFO - test unit 3次执行均失败，放弃这一次的生成
2024-03-08 16:09:08,247 - INFO - 最终没有生成可以执行通过的用例
----------------------------------------------------------------------------------------------------

2024-03-08 16:09:08,247 - INFO - 💫来到第49个输入，还剩80个💫
2024-03-08 16:09:08,248 - INFO - ----------------------------------------------------------------------------------------------------
2024-03-08 16:09:13,123 - INFO - test unit 在第1轮编译失败，进行修复
2024-03-08 16:09:17,613 - INFO - test unit 在第2轮编译失败，进行修复
2024-03-08 16:09:22,549 - INFO - test unit 在第3轮编译成功
2024-03-08 16:09:23,413 - INFO - test unit 在第1轮执行成功
2024-03-08 16:09:23,416 - INFO - 💫来到第50个输入，还剩79个💫
2024-03-08 16:09:23,417 - INFO - ----------------------------------------------------------------------------------------------------
2024-03-08 16:09:28,060 - INFO - test unit 在第1轮编译失败，进行修复
2024-03-08 16:09:32,820 - INFO - test unit 在第2轮编译成功
2024-03-08 16:09:33,666 - INFO - test unit 在第1轮执行成功
2024-03-08 16:09:33,669 - INFO - 💫来到第51个输入，还剩78个💫
2024-03-08 16:09:33,670 - INFO - ----------------------------------------------------------------------------------------------------
2024-03-08 16:09:38,121 - INFO - test unit 在第1轮编译失败，进行修复
2024-03-08 16:09:43,219 - INFO - test unit 在第2轮编译成功
2024-03-08 16:09:44,171 - INFO - test unit 在第1轮执行成功
2024-03-08 16:09:44,174 - INFO - 💫来到第52个输入，还剩77个💫
2024-03-08 16:09:44,174 - INFO - ----------------------------------------------------------------------------------------------------
2024-03-08 16:09:48,283 - INFO - test unit 在第1轮编译失败，进行修复
2024-03-08 16:09:53,430 - INFO - test unit 在第2轮编译成功
2024-03-08 16:09:54,300 - INFO - test unit 在第1轮执行失败，进行修复
2024-03-08 16:10:00,445 - INFO - test unit 在第2轮执行成功
2024-03-08 16:10:00,449 - INFO - 💫来到第53个输入，还剩76个💫
2024-03-08 16:10:00,451 - INFO - ----------------------------------------------------------------------------------------------------
2024-03-08 16:10:04,809 - INFO - test unit 在第1轮编译失败，进行修复
2024-03-08 16:10:10,133 - INFO - test unit 在第2轮编译成功
2024-03-08 16:10:10,988 - INFO - test unit 在第1轮执行失败，进行修复
2024-03-08 16:10:16,973 - INFO - test unit 在第2轮执行失败，进行修复
2024-03-08 16:10:23,279 - INFO - test unit 3次执行均失败，放弃这一次的生成
2024-03-08 16:10:23,280 - INFO - 最终没有生成可以执行通过的用例
----------------------------------------------------------------------------------------------------

2024-03-08 16:10:23,280 - INFO - 💫来到第54个输入，还剩75个💫
2024-03-08 16:10:23,281 - INFO - ----------------------------------------------------------------------------------------------------
2024-03-08 16:10:28,417 - INFO - test unit 在第1轮编译失败，进行修复
2024-03-08 16:10:33,087 - INFO - test unit 在第2轮编译成功
2024-03-08 16:10:33,921 - INFO - test unit 在第1轮执行失败，进行修复
2024-03-08 16:10:39,324 - INFO - test unit 在第2轮执行失败，进行修复
2024-03-08 16:10:45,339 - INFO - test unit 3次执行均失败，放弃这一次的生成
2024-03-08 16:10:45,339 - INFO - 最终没有生成可以执行通过的用例
----------------------------------------------------------------------------------------------------

2024-03-08 16:10:45,341 - INFO - 💫来到第55个输入，还剩74个💫
2024-03-08 16:10:45,341 - INFO - ----------------------------------------------------------------------------------------------------
2024-03-08 16:10:50,288 - INFO - test unit 在第1轮编译失败，进行修复
2024-03-08 16:10:56,617 - INFO - test unit 在第2轮编译成功
2024-03-08 16:10:57,763 - INFO - test unit 在第1轮执行失败，进行修复
2024-03-08 16:11:03,820 - INFO - test unit 在第2轮执行失败，进行修复
2024-03-08 16:11:10,969 - INFO - test unit 3次执行均失败，放弃这一次的生成
2024-03-08 16:11:10,972 - INFO - 最终没有生成可以执行通过的用例
----------------------------------------------------------------------------------------------------

2024-03-08 16:11:10,973 - INFO - 💫来到第56个输入，还剩73个💫
2024-03-08 16:11:10,973 - INFO - ----------------------------------------------------------------------------------------------------
2024-03-08 16:11:15,407 - INFO - test unit 在第1轮编译失败，进行修复
2024-03-08 16:11:20,152 - INFO - test unit 在第2轮编译成功
2024-03-08 16:11:21,030 - INFO - test unit 在第1轮执行失败，进行修复
2024-03-08 16:11:25,339 - INFO - test unit 在第2轮执行成功
2024-03-08 16:11:25,339 - INFO - 💫来到第57个输入，还剩72个💫
2024-03-08 16:11:25,340 - INFO - ----------------------------------------------------------------------------------------------------
2024-03-08 16:11:29,836 - INFO - test unit 在第1轮编译失败，进行修复
2024-03-08 16:11:34,957 - INFO - test unit 在第2轮编译成功
2024-03-08 16:11:35,943 - INFO - test unit 在第1轮执行失败，进行修复
2024-03-08 16:11:43,474 - INFO - test unit 在第2轮执行失败，进行修复
2024-03-08 16:11:50,516 - INFO - test unit 3次执行均失败，放弃这一次的生成
2024-03-08 16:11:50,519 - INFO - 最终没有生成可以执行通过的用例
----------------------------------------------------------------------------------------------------

2024-03-08 16:11:50,520 - INFO - 💫来到第58个输入，还剩71个💫
2024-03-08 16:11:50,521 - INFO - ----------------------------------------------------------------------------------------------------
2024-03-08 16:11:55,272 - INFO - test unit 在第1轮编译失败，进行修复
2024-03-08 16:12:01,069 - INFO - test unit 在第2轮编译成功
2024-03-08 16:12:01,975 - INFO - test unit 在第1轮执行成功
2024-03-08 16:12:01,975 - INFO - 💫来到第59个输入，还剩70个💫
2024-03-08 16:12:01,976 - INFO - ----------------------------------------------------------------------------------------------------
2024-03-08 16:12:05,834 - INFO - test unit 在第1轮编译失败，进行修复
2024-03-08 16:12:11,167 - INFO - test unit 在第2轮编译失败，进行修复
2024-03-08 16:12:16,710 - INFO - test unit 在第3轮编译失败，进行修复
2024-03-08 16:12:22,366 - INFO - test unit 在第4轮编译成功
2024-03-08 16:12:23,208 - INFO - test unit 在第1轮执行失败，进行修复
2024-03-08 16:12:32,675 - INFO - test unit 在第2轮执行失败，进行修复
2024-03-08 16:12:39,207 - INFO - test unit 3次执行均失败，放弃这一次的生成
2024-03-08 16:12:39,211 - INFO - 最终没有生成可以执行通过的用例
----------------------------------------------------------------------------------------------------

2024-03-08 16:12:39,211 - INFO - 💫来到第60个输入，还剩69个💫
2024-03-08 16:12:39,212 - INFO - ----------------------------------------------------------------------------------------------------
2024-03-08 16:12:43,980 - INFO - test unit 在第1轮编译失败，进行修复
2024-03-08 16:12:49,218 - INFO - test unit 在第2轮编译失败，进行修复
2024-03-08 16:12:54,454 - INFO - test unit 在第3轮编译失败，进行修复
2024-03-08 16:12:59,229 - INFO - test unit 在第4轮编译成功
2024-03-08 16:13:00,109 - INFO - test unit 在第1轮执行成功
2024-03-08 16:13:00,112 - INFO - 💫来到第61个输入，还剩68个💫
2024-03-08 16:13:00,113 - INFO - ----------------------------------------------------------------------------------------------------
2024-03-08 16:13:05,754 - INFO - test unit 在第1轮编译失败，进行修复
2024-03-08 16:13:10,624 - INFO - test unit 在第2轮编译成功
2024-03-08 16:13:11,551 - INFO - test unit 在第1轮执行失败，进行修复
2024-03-08 16:13:18,938 - INFO - test unit 在第2轮执行失败，进行修复
2024-03-08 16:13:26,704 - INFO - test unit 3次执行均失败，放弃这一次的生成
2024-03-08 16:13:26,707 - INFO - 最终没有生成可以执行通过的用例
----------------------------------------------------------------------------------------------------

2024-03-08 16:13:26,707 - INFO - 💫来到第62个输入，还剩67个💫
2024-03-08 16:13:26,708 - INFO - ----------------------------------------------------------------------------------------------------
2024-03-08 16:13:31,884 - INFO - test unit 在第1轮编译失败，进行修复
2024-03-08 16:13:37,289 - INFO - test unit 在第2轮编译成功
2024-03-08 16:13:38,185 - INFO - test unit 在第1轮执行成功
2024-03-08 16:13:38,188 - INFO - 💫来到第63个输入，还剩66个💫
2024-03-08 16:13:38,188 - INFO - ----------------------------------------------------------------------------------------------------
2024-03-08 16:13:42,201 - INFO - test unit 在第1轮编译失败，进行修复
2024-03-08 16:13:48,246 - INFO - test unit 在第2轮编译失败，进行修复
2024-03-08 16:13:54,381 - INFO - test unit 在第3轮编译失败，进行修复
2024-03-08 16:14:00,124 - INFO - test unit 4次编译均失败，放弃这一次的生成
2024-03-08 16:14:00,127 - INFO - 💫来到第64个输入，还剩65个💫
2024-03-08 16:14:00,128 - INFO - ----------------------------------------------------------------------------------------------------
2024-03-08 16:14:04,839 - INFO - test unit 在第1轮编译失败，进行修复
2024-03-08 16:14:09,264 - INFO - test unit 在第2轮编译失败，进行修复
2024-03-08 16:14:15,011 - INFO - test unit 在第3轮编译失败，进行修复
2024-03-08 16:14:19,957 - INFO - test unit 4次编译均失败，放弃这一次的生成
2024-03-08 16:14:19,957 - INFO - 💫来到第65个输入，还剩64个💫
2024-03-08 16:14:19,958 - INFO - ----------------------------------------------------------------------------------------------------
2024-03-08 16:14:25,230 - INFO - test unit 在第1轮编译失败，进行修复
2024-03-08 16:14:30,344 - INFO - test unit 在第2轮编译失败，进行修复
2024-03-08 16:14:35,295 - INFO - test unit 在第3轮编译成功
2024-03-08 16:14:36,159 - INFO - test unit 在第1轮执行成功
2024-03-08 16:14:36,159 - INFO - 💫来到第66个输入，还剩63个💫
2024-03-08 16:14:36,160 - INFO - ----------------------------------------------------------------------------------------------------
2024-03-08 16:14:40,219 - INFO - test unit 在第1轮编译失败，进行修复
2024-03-08 16:14:45,096 - INFO - test unit 在第2轮编译失败，进行修复
2024-03-08 16:14:50,292 - INFO - test unit 在第3轮编译成功
2024-03-08 16:14:51,161 - INFO - test unit 在第1轮执行失败，进行修复
2024-03-08 16:14:56,403 - INFO - test unit 在第2轮执行失败，进行修复
2024-03-08 16:15:01,767 - INFO - test unit 3次执行均失败，放弃这一次的生成
2024-03-08 16:15:01,770 - INFO - 最终没有生成可以执行通过的用例
----------------------------------------------------------------------------------------------------

2024-03-08 16:15:01,770 - INFO - 💫来到第67个输入，还剩62个💫
2024-03-08 16:15:01,770 - INFO - ----------------------------------------------------------------------------------------------------
2024-03-08 16:15:05,935 - INFO - test unit 在第1轮编译失败，进行修复
2024-03-08 16:15:10,512 - INFO - test unit 在第2轮编译成功
2024-03-08 16:15:11,439 - INFO - test unit 在第1轮执行成功
2024-03-08 16:15:11,443 - INFO - 💫来到第68个输入，还剩61个💫
2024-03-08 16:15:11,444 - INFO - ----------------------------------------------------------------------------------------------------
2024-03-08 16:15:16,178 - INFO - test unit 在第1轮编译失败，进行修复
2024-03-08 16:15:20,916 - INFO - test unit 在第2轮编译成功
2024-03-08 16:15:21,781 - INFO - test unit 在第1轮执行失败，进行修复
2024-03-08 16:15:27,297 - INFO - test unit 在第2轮执行成功
2024-03-08 16:15:27,302 - INFO - 💫来到第69个输入，还剩60个💫
2024-03-08 16:15:27,302 - INFO - ----------------------------------------------------------------------------------------------------
2024-03-08 16:15:33,705 - INFO - test unit 在第1轮编译失败，进行修复
2024-03-08 16:15:39,210 - INFO - test unit 在第2轮编译失败，进行修复
2024-03-08 16:15:44,995 - INFO - test unit 在第3轮编译失败，进行修复
2024-03-08 16:15:50,808 - INFO - test unit 在第4轮编译成功
2024-03-08 16:15:51,746 - INFO - test unit 在第1轮执行失败，进行修复
2024-03-08 16:15:58,246 - INFO - test unit 在第2轮执行失败，进行修复
2024-03-08 16:16:04,828 - INFO - test unit 3次执行均失败，放弃这一次的生成
2024-03-08 16:16:04,830 - INFO - 最终没有生成可以执行通过的用例
----------------------------------------------------------------------------------------------------

2024-03-08 16:16:04,830 - INFO - 💫来到第70个输入，还剩59个💫
2024-03-08 16:16:04,831 - INFO - ----------------------------------------------------------------------------------------------------
2024-03-08 16:16:10,173 - INFO - test unit 在第1轮编译失败，进行修复
2024-03-08 16:16:16,023 - INFO - test unit 在第2轮编译成功
2024-03-08 16:16:16,966 - INFO - test unit 在第1轮执行成功
2024-03-08 16:16:16,969 - INFO - 💫来到第71个输入，还剩58个💫
2024-03-08 16:16:16,970 - INFO - ----------------------------------------------------------------------------------------------------
2024-03-08 16:16:21,719 - INFO - test unit 在第1轮编译失败，进行修复
2024-03-08 16:16:26,749 - INFO - test unit 在第2轮编译失败，进行修复
2024-03-08 16:16:32,537 - INFO - test unit 在第3轮编译失败，进行修复
2024-03-08 16:16:38,689 - INFO - test unit 在第4轮编译成功
2024-03-08 16:16:39,588 - INFO - test unit 在第1轮执行成功
2024-03-08 16:16:39,591 - INFO - 💫来到第72个输入，还剩57个💫
2024-03-08 16:16:39,592 - INFO - ----------------------------------------------------------------------------------------------------
2024-03-08 16:16:45,817 - INFO - test unit 在第1轮编译失败，进行修复
2024-03-08 16:16:51,666 - INFO - test unit 在第2轮编译成功
2024-03-08 16:16:52,828 - INFO - test unit 在第1轮执行成功
2024-03-08 16:16:52,829 - INFO - 💫来到第73个输入，还剩56个💫
2024-03-08 16:16:52,830 - INFO - ----------------------------------------------------------------------------------------------------
2024-03-08 16:16:58,372 - INFO - test unit 在第1轮编译失败，进行修复
2024-03-08 16:17:03,640 - INFO - test unit 在第2轮编译成功
2024-03-08 16:17:04,496 - INFO - test unit 在第1轮执行成功
2024-03-08 16:17:04,499 - INFO - 💫来到第74个输入，还剩55个💫
2024-03-08 16:17:04,500 - INFO - ----------------------------------------------------------------------------------------------------
2024-03-08 16:17:09,561 - INFO - test unit 在第1轮编译失败，进行修复
2024-03-08 16:17:18,620 - INFO - test unit 在第2轮编译失败，进行修复
2024-03-08 16:17:24,164 - INFO - test unit 在第3轮编译成功
2024-03-08 16:17:25,240 - INFO - test unit 在第1轮执行失败，进行修复
2024-03-08 16:17:30,940 - INFO - test unit 在第2轮执行失败，进行修复
2024-03-08 16:17:35,748 - INFO - test unit 在第3轮执行成功
2024-03-08 16:17:35,751 - INFO - 💫来到第75个输入，还剩54个💫
2024-03-08 16:17:35,752 - INFO - ----------------------------------------------------------------------------------------------------
2024-03-08 16:17:40,518 - INFO - test unit 在第1轮编译失败，进行修复
2024-03-08 16:17:45,317 - INFO - test unit 在第2轮编译成功
2024-03-08 16:17:46,184 - INFO - test unit 在第1轮执行失败，进行修复
2024-03-08 16:17:50,594 - INFO - test unit 在第2轮执行成功
2024-03-08 16:17:50,597 - INFO - 💫来到第76个输入，还剩53个💫
2024-03-08 16:17:50,598 - INFO - ----------------------------------------------------------------------------------------------------
2024-03-08 16:17:56,099 - INFO - test unit 在第1轮编译失败，进行修复
2024-03-08 16:18:01,189 - INFO - test unit 在第2轮编译失败，进行修复
2024-03-08 16:18:06,224 - INFO - test unit 在第3轮编译失败，进行修复
2024-03-08 16:18:10,241 - INFO - test unit 4次编译均失败，放弃这一次的生成
2024-03-08 16:18:10,244 - INFO - 💫来到第77个输入，还剩52个💫
2024-03-08 16:18:10,244 - INFO - ----------------------------------------------------------------------------------------------------
2024-03-08 16:18:14,833 - INFO - test unit 在第1轮编译失败，进行修复
2024-03-08 16:18:20,669 - INFO - test unit 在第2轮编译成功
2024-03-08 16:18:21,522 - INFO - test unit 在第1轮执行成功
2024-03-08 16:18:21,526 - INFO - 💫来到第78个输入，还剩51个💫
2024-03-08 16:18:21,526 - INFO - ----------------------------------------------------------------------------------------------------
2024-03-08 16:18:26,342 - INFO - test unit 在第1轮编译失败，进行修复
2024-03-08 16:18:30,835 - INFO - test unit 在第2轮编译成功
2024-03-08 16:18:31,697 - INFO - test unit 在第1轮执行成功
2024-03-08 16:18:31,702 - INFO - 💫来到第79个输入，还剩50个💫
2024-03-08 16:18:31,702 - INFO - ----------------------------------------------------------------------------------------------------
2024-03-08 16:18:37,210 - INFO - test unit 在第1轮编译失败，进行修复
2024-03-08 16:18:42,750 - INFO - test unit 在第2轮编译成功
2024-03-08 16:18:43,712 - INFO - test unit 在第1轮执行失败，进行修复
2024-03-08 16:19:14,192 - INFO - test unit 在第2轮执行失败，进行修复
2024-03-08 16:19:34,205 - INFO - test unit 在第3轮执行成功
2024-03-08 16:19:34,206 - INFO - 💫来到第80个输入，还剩49个💫
2024-03-08 16:19:34,207 - INFO - ----------------------------------------------------------------------------------------------------
2024-03-08 16:19:39,744 - INFO - test unit 在第1轮编译失败，进行修复
2024-03-08 16:19:45,762 - INFO - test unit 在第2轮编译失败，进行修复
2024-03-08 16:19:51,408 - INFO - test unit 在第3轮编译失败，进行修复
2024-03-08 16:19:56,259 - INFO - test unit 在第4轮编译成功
2024-03-08 16:19:57,194 - INFO - test unit 在第1轮执行失败，进行修复
2024-03-08 16:20:01,702 - INFO - test unit 在第2轮执行成功
2024-03-08 16:20:01,705 - INFO - 💫来到第81个输入，还剩48个💫
2024-03-08 16:20:01,706 - INFO - ----------------------------------------------------------------------------------------------------
2024-03-08 16:20:07,083 - INFO - test unit 在第1轮编译失败，进行修复
2024-03-08 16:20:12,304 - INFO - test unit 在第2轮编译成功
2024-03-08 16:20:13,149 - INFO - test unit 在第1轮执行成功
2024-03-08 16:20:13,152 - INFO - 💫来到第82个输入，还剩47个💫
2024-03-08 16:20:13,153 - INFO - ----------------------------------------------------------------------------------------------------
2024-03-08 16:20:18,720 - INFO - test unit 在第1轮编译失败，进行修复
2024-03-08 16:20:23,866 - INFO - test unit 在第2轮编译失败，进行修复
2024-03-08 16:20:29,826 - INFO - test unit 在第3轮编译成功
2024-03-08 16:20:30,794 - INFO - test unit 在第1轮执行失败，进行修复
2024-03-08 16:20:36,761 - INFO - test unit 在第2轮执行失败，进行修复
2024-03-08 16:20:43,119 - INFO - test unit 3次执行均失败，放弃这一次的生成
2024-03-08 16:20:43,122 - INFO - 最终没有生成可以执行通过的用例
----------------------------------------------------------------------------------------------------

2024-03-08 16:20:43,122 - INFO - 💫来到第83个输入，还剩46个💫
2024-03-08 16:20:43,122 - INFO - ----------------------------------------------------------------------------------------------------
2024-03-08 16:20:47,925 - INFO - test unit 在第1轮编译失败，进行修复
2024-03-08 16:20:52,476 - INFO - test unit 在第2轮编译失败，进行修复
2024-03-08 16:20:57,685 - INFO - test unit 在第3轮编译成功
2024-03-08 16:20:58,633 - INFO - test unit 在第1轮执行成功
2024-03-08 16:20:58,634 - INFO - 💫来到第84个输入，还剩45个💫
2024-03-08 16:20:58,634 - INFO - ----------------------------------------------------------------------------------------------------
2024-03-08 16:21:02,925 - INFO - test unit 在第1轮编译失败，进行修复
2024-03-08 16:21:08,122 - INFO - test unit 在第2轮编译成功
2024-03-08 16:21:09,176 - INFO - test unit 在第1轮执行成功
2024-03-08 16:21:09,177 - INFO - 💫来到第85个输入，还剩44个💫
2024-03-08 16:21:09,178 - INFO - ----------------------------------------------------------------------------------------------------
2024-03-08 16:21:14,101 - INFO - test unit 在第1轮编译失败，进行修复
2024-03-08 16:21:19,058 - INFO - test unit 在第2轮编译失败，进行修复
2024-03-08 16:21:24,318 - INFO - test unit 在第3轮编译成功
2024-03-08 16:21:25,214 - INFO - test unit 在第1轮执行失败，进行修复
2024-03-08 16:21:30,235 - INFO - test unit 在第2轮执行成功
2024-03-08 16:21:30,239 - INFO - 💫来到第86个输入，还剩43个💫
2024-03-08 16:21:30,240 - INFO - ----------------------------------------------------------------------------------------------------
2024-03-08 16:21:35,287 - INFO - test unit 在第1轮编译失败，进行修复
2024-03-08 16:21:40,798 - INFO - test unit 在第2轮编译成功
2024-03-08 16:21:41,721 - INFO - test unit 在第1轮执行成功
2024-03-08 16:21:41,724 - INFO - 💫来到第87个输入，还剩42个💫
2024-03-08 16:21:41,725 - INFO - ----------------------------------------------------------------------------------------------------
2024-03-08 16:21:46,192 - INFO - test unit 在第1轮编译失败，进行修复
2024-03-08 16:21:50,705 - INFO - test unit 在第2轮编译失败，进行修复
2024-03-08 16:21:55,197 - INFO - test unit 在第3轮编译失败，进行修复
2024-03-08 16:21:59,713 - INFO - test unit 4次编译均失败，放弃这一次的生成
2024-03-08 16:21:59,716 - INFO - 💫来到第88个输入，还剩41个💫
2024-03-08 16:21:59,717 - INFO - ----------------------------------------------------------------------------------------------------
2024-03-08 16:22:04,623 - INFO - test unit 在第1轮编译失败，进行修复
2024-03-08 16:22:09,366 - INFO - test unit 在第2轮编译成功
2024-03-08 16:22:10,587 - INFO - test unit 在第1轮执行成功
2024-03-08 16:22:10,591 - INFO - 💫来到第89个输入，还剩40个💫
2024-03-08 16:22:10,591 - INFO - ----------------------------------------------------------------------------------------------------
2024-03-08 16:22:14,499 - INFO - test unit 在第1轮编译失败，进行修复
2024-03-08 16:22:19,306 - INFO - test unit 在第2轮编译失败，进行修复
2024-03-08 16:22:24,881 - INFO - test unit 在第3轮编译成功
2024-03-08 16:22:25,838 - INFO - test unit 在第1轮执行成功
2024-03-08 16:22:25,842 - INFO - 💫来到第90个输入，还剩39个💫
2024-03-08 16:22:25,843 - INFO - ----------------------------------------------------------------------------------------------------
2024-03-08 16:22:30,212 - INFO - test unit 在第1轮编译失败，进行修复
2024-03-08 16:22:35,564 - INFO - test unit 在第2轮编译成功
2024-03-08 16:22:36,827 - INFO - test unit 在第1轮执行失败，进行修复
2024-03-08 16:22:42,569 - INFO - test unit 在第2轮执行失败，进行修复
2024-03-08 16:22:47,084 - INFO - test unit 在第3轮执行成功
2024-03-08 16:22:47,087 - INFO - 💫来到第91个输入，还剩38个💫
2024-03-08 16:22:47,088 - INFO - ----------------------------------------------------------------------------------------------------
2024-03-08 16:22:52,299 - INFO - test unit 在第1轮编译失败，进行修复
2024-03-08 16:22:56,589 - INFO - test unit 在第2轮编译成功
2024-03-08 16:22:57,445 - INFO - test unit 在第1轮执行成功
2024-03-08 16:22:57,448 - INFO - 💫来到第92个输入，还剩37个💫
2024-03-08 16:22:57,449 - INFO - ----------------------------------------------------------------------------------------------------
2024-03-08 16:23:02,079 - INFO - test unit 在第1轮编译失败，进行修复
2024-03-08 16:23:07,767 - INFO - test unit 在第2轮编译成功
2024-03-08 16:23:08,873 - INFO - test unit 在第1轮执行失败，进行修复
2024-03-08 16:23:13,475 - INFO - test unit 在第2轮执行成功
2024-03-08 16:23:13,475 - INFO - 💫来到第93个输入，还剩36个💫
2024-03-08 16:23:13,476 - INFO - ----------------------------------------------------------------------------------------------------
2024-03-08 16:23:18,261 - INFO - test unit 在第1轮编译失败，进行修复
2024-03-08 16:23:22,854 - INFO - test unit 在第2轮编译成功
2024-03-08 16:23:23,732 - INFO - test unit 在第1轮执行失败，进行修复
2024-03-08 16:23:28,427 - INFO - test unit 在第2轮执行成功
2024-03-08 16:23:28,430 - INFO - 💫来到第94个输入，还剩35个💫
2024-03-08 16:23:28,431 - INFO - ----------------------------------------------------------------------------------------------------
2024-03-08 16:23:33,589 - INFO - test unit 在第1轮编译成功
2024-03-08 16:23:34,440 - INFO - test unit 在第1轮执行成功
2024-03-08 16:23:34,443 - INFO - 💫来到第95个输入，还剩34个💫
2024-03-08 16:23:34,444 - INFO - ----------------------------------------------------------------------------------------------------
2024-03-08 16:23:38,624 - INFO - test unit 在第1轮编译失败，进行修复
2024-03-08 16:23:44,202 - INFO - test unit 在第2轮编译失败，进行修复
2024-03-08 16:23:49,580 - INFO - test unit 在第3轮编译成功
2024-03-08 16:23:50,461 - INFO - test unit 在第1轮执行成功
2024-03-08 16:23:50,464 - INFO - 💫来到第96个输入，还剩33个💫
2024-03-08 16:23:50,465 - INFO - ----------------------------------------------------------------------------------------------------
2024-03-08 16:23:56,066 - INFO - test unit 在第1轮编译失败，进行修复
2024-03-08 16:24:01,750 - INFO - test unit 在第2轮编译成功
2024-03-08 16:24:02,804 - INFO - test unit 在第1轮执行成功
2024-03-08 16:24:02,805 - INFO - 💫来到第97个输入，还剩32个💫
2024-03-08 16:24:02,805 - INFO - ----------------------------------------------------------------------------------------------------
2024-03-08 16:24:07,641 - INFO - test unit 在第1轮编译失败，进行修复
2024-03-08 16:24:11,759 - INFO - test unit 在第2轮编译成功
2024-03-08 16:24:12,645 - INFO - test unit 在第1轮执行成功
2024-03-08 16:24:12,649 - INFO - 💫来到第98个输入，还剩31个💫
2024-03-08 16:24:12,649 - INFO - ----------------------------------------------------------------------------------------------------
2024-03-08 16:24:17,557 - INFO - test unit 在第1轮编译失败，进行修复
2024-03-08 16:24:24,270 - INFO - test unit 在第2轮编译成功
2024-03-08 16:24:25,252 - INFO - test unit 在第1轮执行成功
2024-03-08 16:24:25,256 - INFO - 💫来到第99个输入，还剩30个💫
2024-03-08 16:24:25,256 - INFO - ----------------------------------------------------------------------------------------------------
2024-03-08 16:24:30,087 - INFO - test unit 在第1轮编译失败，进行修复
2024-03-08 16:24:35,069 - INFO - test unit 在第2轮编译失败，进行修复
2024-03-08 16:24:43,132 - INFO - test unit 在第3轮编译成功
2024-03-08 16:24:44,121 - INFO - test unit 在第1轮执行成功
2024-03-08 16:24:44,124 - INFO - 💫来到第100个输入，还剩29个💫
2024-03-08 16:24:44,125 - INFO - ----------------------------------------------------------------------------------------------------
2024-03-08 16:24:48,558 - INFO - test unit 在第1轮编译失败，进行修复
2024-03-08 16:24:52,667 - INFO - test unit 在第2轮编译成功
2024-03-08 16:24:53,546 - INFO - test unit 在第1轮执行成功
2024-03-08 16:24:53,549 - INFO - 💫来到第101个输入，还剩28个💫
2024-03-08 16:24:53,550 - INFO - ----------------------------------------------------------------------------------------------------
2024-03-08 16:24:59,224 - INFO - test unit 在第1轮编译失败，进行修复
2024-03-08 16:25:04,819 - INFO - test unit 在第2轮编译失败，进行修复
2024-03-08 16:25:11,013 - INFO - test unit 在第3轮编译失败，进行修复
2024-03-08 16:25:19,009 - INFO - test unit 4次编译均失败，放弃这一次的生成
2024-03-08 16:25:19,012 - INFO - 💫来到第102个输入，还剩27个💫
2024-03-08 16:25:19,012 - INFO - ----------------------------------------------------------------------------------------------------
2024-03-08 16:25:24,417 - INFO - test unit 在第1轮编译失败，进行修复
2024-03-08 16:25:31,313 - INFO - test unit 在第2轮编译失败，进行修复
2024-03-08 16:25:37,706 - INFO - test unit 在第3轮编译失败，进行修复
2024-03-08 16:25:43,741 - INFO - test unit 4次编译均失败，放弃这一次的生成
2024-03-08 16:25:43,744 - INFO - 💫来到第103个输入，还剩26个💫
2024-03-08 16:25:43,744 - INFO - ----------------------------------------------------------------------------------------------------
2024-03-08 16:25:48,995 - INFO - test unit 在第1轮编译失败，进行修复
2024-03-08 16:25:54,664 - INFO - test unit 在第2轮编译失败，进行修复
2024-03-08 16:26:00,221 - INFO - test unit 在第3轮编译失败，进行修复
2024-03-08 16:26:06,558 - INFO - test unit 在第4轮编译成功
2024-03-08 16:26:07,611 - INFO - test unit 在第1轮执行成功
2024-03-08 16:26:07,611 - INFO - 💫来到第104个输入，还剩25个💫
2024-03-08 16:26:07,612 - INFO - ----------------------------------------------------------------------------------------------------
2024-03-08 16:26:13,153 - INFO - test unit 在第1轮编译成功
2024-03-08 16:26:14,146 - INFO - test unit 在第1轮执行成功
2024-03-08 16:26:14,150 - INFO - 💫来到第105个输入，还剩24个💫
2024-03-08 16:26:14,150 - INFO - ----------------------------------------------------------------------------------------------------
2024-03-08 16:26:18,921 - INFO - test unit 在第1轮编译失败，进行修复
2024-03-08 16:26:23,399 - INFO - test unit 在第2轮编译失败，进行修复
2024-03-08 16:26:28,725 - INFO - test unit 在第3轮编译失败，进行修复
2024-03-08 16:26:35,239 - INFO - test unit 在第4轮编译成功
2024-03-08 16:26:36,232 - INFO - test unit 在第1轮执行成功
2024-03-08 16:26:36,235 - INFO - 💫来到第106个输入，还剩23个💫
2024-03-08 16:26:36,236 - INFO - ----------------------------------------------------------------------------------------------------
2024-03-08 16:26:41,048 - INFO - test unit 在第1轮编译成功
2024-03-08 16:26:42,030 - INFO - test unit 在第1轮执行成功
2024-03-08 16:26:42,030 - INFO - 💫来到第107个输入，还剩22个💫
2024-03-08 16:26:42,031 - INFO - ----------------------------------------------------------------------------------------------------
2024-03-08 16:26:48,169 - INFO - test unit 在第1轮编译成功
2024-03-08 16:26:49,220 - INFO - test unit 在第1轮执行失败，进行修复
2024-03-08 16:26:54,546 - INFO - test unit 在第2轮执行失败，进行修复
2024-03-08 16:27:01,055 - INFO - test unit 3次执行均失败，放弃这一次的生成
2024-03-08 16:27:01,058 - INFO - 最终没有生成可以执行通过的用例
----------------------------------------------------------------------------------------------------

2024-03-08 16:27:01,059 - INFO - 💫来到第108个输入，还剩21个💫
2024-03-08 16:27:01,059 - INFO - ----------------------------------------------------------------------------------------------------
2024-03-08 16:27:05,870 - INFO - test unit 在第1轮编译失败，进行修复
2024-03-08 16:27:11,696 - INFO - test unit 在第2轮编译成功
2024-03-08 16:27:12,651 - INFO - test unit 在第1轮执行成功
2024-03-08 16:27:12,652 - INFO - 💫来到第109个输入，还剩20个💫
2024-03-08 16:27:12,653 - INFO - ----------------------------------------------------------------------------------------------------
2024-03-08 16:27:20,333 - INFO - test unit 在第1轮编译失败，进行修复
2024-03-08 16:27:25,204 - INFO - test unit 在第2轮编译成功
2024-03-08 16:27:26,291 - INFO - test unit 在第1轮执行成功
2024-03-08 16:27:26,295 - INFO - 💫来到第110个输入，还剩19个💫
2024-03-08 16:27:26,295 - INFO - ----------------------------------------------------------------------------------------------------
2024-03-08 16:27:31,223 - INFO - test unit 在第1轮编译失败，进行修复
2024-03-08 16:27:39,086 - INFO - test unit 在第2轮编译失败，进行修复
2024-03-08 16:27:44,939 - INFO - test unit 在第3轮编译失败，进行修复
2024-03-08 16:27:51,775 - INFO - test unit 4次编译均失败，放弃这一次的生成
2024-03-08 16:27:51,775 - INFO - 💫来到第111个输入，还剩18个💫
2024-03-08 16:27:51,775 - INFO - ----------------------------------------------------------------------------------------------------
2024-03-08 16:27:56,605 - INFO - test unit 在第1轮编译失败，进行修复
2024-03-08 16:28:01,717 - INFO - test unit 在第2轮编译失败，进行修复
2024-03-08 16:28:06,415 - INFO - test unit 在第3轮编译失败，进行修复
2024-03-08 16:28:11,003 - INFO - test unit 4次编译均失败，放弃这一次的生成
2024-03-08 16:28:11,003 - INFO - 💫来到第112个输入，还剩17个💫
2024-03-08 16:28:11,003 - INFO - ----------------------------------------------------------------------------------------------------
2024-03-08 16:28:15,503 - INFO - test unit 在第1轮编译失败，进行修复
2024-03-08 16:28:21,120 - INFO - test unit 在第2轮编译失败，进行修复
2024-03-08 16:28:27,371 - INFO - test unit 在第3轮编译失败，进行修复
2024-03-08 16:28:33,400 - INFO - test unit 4次编译均失败，放弃这一次的生成
2024-03-08 16:28:33,401 - INFO - 💫来到第113个输入，还剩16个💫
2024-03-08 16:28:33,401 - INFO - ----------------------------------------------------------------------------------------------------
2024-03-08 16:28:38,167 - INFO - test unit 在第1轮编译失败，进行修复
2024-03-08 16:28:43,158 - INFO - test unit 在第2轮编译失败，进行修复
2024-03-08 16:28:48,934 - INFO - test unit 在第3轮编译失败，进行修复
2024-03-08 16:28:53,901 - INFO - test unit 4次编译均失败，放弃这一次的生成
2024-03-08 16:28:53,907 - INFO - 💫来到第114个输入，还剩15个💫
2024-03-08 16:28:53,908 - INFO - ----------------------------------------------------------------------------------------------------
2024-03-08 16:28:58,715 - INFO - test unit 在第1轮编译失败，进行修复
2024-03-08 16:29:03,001 - INFO - test unit 在第2轮编译失败，进行修复
2024-03-08 16:29:07,504 - INFO - test unit 在第3轮编译失败，进行修复
2024-03-08 16:29:11,670 - INFO - test unit 4次编译均失败，放弃这一次的生成
2024-03-08 16:29:11,673 - INFO - 💫来到第115个输入，还剩14个💫
2024-03-08 16:29:11,674 - INFO - ----------------------------------------------------------------------------------------------------
2024-03-08 16:29:16,371 - INFO - test unit 在第1轮编译失败，进行修复
2024-03-08 16:29:21,565 - INFO - test unit 在第2轮编译失败，进行修复
2024-03-08 16:29:27,743 - INFO - test unit 在第3轮编译失败，进行修复
2024-03-08 16:29:34,886 - INFO - test unit 在第4轮编译成功
2024-03-08 16:29:36,866 - INFO - test unit 在第1轮执行失败，进行修复
2024-03-08 16:29:43,359 - INFO - test unit 在第2轮执行失败，进行修复
2024-03-08 16:29:48,295 - INFO - test unit 3次执行均失败，放弃这一次的生成
2024-03-08 16:29:48,298 - INFO - 最终没有生成可以执行通过的用例
----------------------------------------------------------------------------------------------------

2024-03-08 16:29:48,298 - INFO - 💫来到第116个输入，还剩13个💫
2024-03-08 16:29:48,299 - INFO - ----------------------------------------------------------------------------------------------------
2024-03-08 16:29:52,690 - INFO - test unit 在第1轮编译失败，进行修复
2024-03-08 16:29:57,398 - INFO - test unit 在第2轮编译成功
2024-03-08 16:29:58,295 - INFO - test unit 在第1轮执行失败，进行修复
2024-03-08 16:30:02,223 - INFO - test unit 在第2轮执行失败，进行修复
2024-03-08 16:30:06,549 - INFO - test unit 3次执行均失败，放弃这一次的生成
2024-03-08 16:30:06,549 - INFO - 最终没有生成可以执行通过的用例
----------------------------------------------------------------------------------------------------

2024-03-08 16:30:06,549 - INFO - 💫来到第117个输入，还剩12个💫
2024-03-08 16:30:06,550 - INFO - ----------------------------------------------------------------------------------------------------
2024-03-08 16:30:12,575 - INFO - test unit 在第1轮编译失败，进行修复
2024-03-08 16:30:17,216 - INFO - test unit 在第2轮编译失败，进行修复
2024-03-08 16:30:23,007 - INFO - test unit 在第3轮编译成功
2024-03-08 16:30:23,863 - INFO - test unit 在第1轮执行成功
2024-03-08 16:30:23,863 - INFO - 💫来到第118个输入，还剩11个💫
2024-03-08 16:30:23,864 - INFO - ----------------------------------------------------------------------------------------------------
2024-03-08 16:30:28,580 - INFO - test unit 在第1轮编译失败，进行修复
2024-03-08 16:30:32,261 - INFO - test unit 在第2轮编译成功
2024-03-08 16:30:33,112 - INFO - test unit 在第1轮执行成功
2024-03-08 16:30:33,116 - INFO - 💫来到第119个输入，还剩10个💫
2024-03-08 16:30:33,116 - INFO - ----------------------------------------------------------------------------------------------------
2024-03-08 16:30:37,443 - INFO - test unit 在第1轮编译失败，进行修复
2024-03-08 16:30:42,614 - INFO - test unit 在第2轮编译失败，进行修复
2024-03-08 16:30:47,779 - INFO - test unit 在第3轮编译失败，进行修复
2024-03-08 16:30:53,692 - INFO - test unit 4次编译均失败，放弃这一次的生成
2024-03-08 16:30:53,695 - INFO - 💫来到第120个输入，还剩9个💫
2024-03-08 16:30:53,695 - INFO - ----------------------------------------------------------------------------------------------------
2024-03-08 16:30:57,778 - INFO - test unit 在第1轮编译失败，进行修复
2024-03-08 16:31:02,236 - INFO - test unit 在第2轮编译失败，进行修复
2024-03-08 16:31:08,586 - INFO - test unit 在第3轮编译失败，进行修复
2024-03-08 16:31:14,569 - INFO - test unit 4次编译均失败，放弃这一次的生成
2024-03-08 16:31:14,570 - INFO - 💫来到第121个输入，还剩8个💫
2024-03-08 16:31:14,571 - INFO - ----------------------------------------------------------------------------------------------------
2024-03-08 16:31:19,938 - INFO - test unit 在第1轮编译失败，进行修复
2024-03-08 16:31:24,688 - INFO - test unit 在第2轮编译失败，进行修复
2024-03-08 16:31:29,573 - INFO - test unit 在第3轮编译失败，进行修复
2024-03-08 16:31:34,494 - INFO - test unit 4次编译均失败，放弃这一次的生成
2024-03-08 16:31:34,497 - INFO - 💫来到第122个输入，还剩7个💫
2024-03-08 16:31:34,498 - INFO - ----------------------------------------------------------------------------------------------------
2024-03-08 16:31:39,362 - INFO - test unit 在第1轮编译失败，进行修复
2024-03-08 16:31:44,348 - INFO - test unit 在第2轮编译失败，进行修复
2024-03-08 16:31:49,031 - INFO - test unit 在第3轮编译失败，进行修复
2024-03-08 16:31:53,459 - INFO - test unit 4次编译均失败，放弃这一次的生成
2024-03-08 16:31:53,461 - INFO - 💫来到第123个输入，还剩6个💫
2024-03-08 16:31:53,462 - INFO - ----------------------------------------------------------------------------------------------------
2024-03-08 16:31:59,289 - INFO - test unit 在第1轮编译失败，进行修复
2024-03-08 16:32:05,559 - INFO - test unit 在第2轮编译失败，进行修复
2024-03-08 16:32:11,306 - INFO - test unit 在第3轮编译失败，进行修复
2024-03-08 16:32:16,753 - INFO - test unit 4次编译均失败，放弃这一次的生成
2024-03-08 16:32:16,756 - INFO - 💫来到第124个输入，还剩5个💫
2024-03-08 16:32:16,756 - INFO - ----------------------------------------------------------------------------------------------------
2024-03-08 16:32:21,638 - INFO - test unit 在第1轮编译成功
2024-03-08 16:32:22,543 - INFO - test unit 在第1轮执行成功
2024-03-08 16:32:22,546 - INFO - 💫来到第125个输入，还剩4个💫
2024-03-08 16:32:22,547 - INFO - ----------------------------------------------------------------------------------------------------
2024-03-08 16:32:27,856 - INFO - test unit 在第1轮编译失败，进行修复
2024-03-08 16:32:32,915 - INFO - test unit 在第2轮编译成功
2024-03-08 16:32:33,836 - INFO - test unit 在第1轮执行成功
2024-03-08 16:32:33,839 - INFO - 💫来到第126个输入，还剩3个💫
2024-03-08 16:32:33,840 - INFO - ----------------------------------------------------------------------------------------------------
2024-03-08 16:32:39,116 - INFO - test unit 在第1轮编译失败，进行修复
2024-03-08 16:32:44,918 - INFO - test unit 在第2轮编译失败，进行修复
2024-03-08 16:32:52,191 - INFO - test unit 在第3轮编译失败，进行修复
2024-03-08 16:32:59,221 - INFO - test unit 4次编译均失败，放弃这一次的生成
2024-03-08 16:32:59,224 - INFO - 💫来到第127个输入，还剩2个💫
2024-03-08 16:32:59,224 - INFO - ----------------------------------------------------------------------------------------------------
2024-03-08 16:33:04,239 - INFO - test unit 在第1轮编译失败，进行修复
2024-03-08 16:33:08,110 - INFO - test unit 在第2轮编译失败，进行修复
2024-03-08 16:33:12,914 - INFO - test unit 在第3轮编译失败，进行修复
2024-03-08 16:33:17,704 - INFO - test unit 4次编译均失败，放弃这一次的生成
2024-03-08 16:33:17,704 - INFO - 💫来到第128个输入，还剩1个💫
2024-03-08 16:33:17,705 - INFO - ----------------------------------------------------------------------------------------------------
2024-03-08 16:33:22,632 - INFO - test unit 在第1轮编译失败，进行修复
2024-03-08 16:33:27,992 - INFO - test unit 在第2轮编译失败，进行修复
2024-03-08 16:33:33,499 - INFO - test unit 在第3轮编译失败，进行修复
2024-03-08 16:33:39,662 - INFO - test unit 4次编译均失败，放弃这一次的生成
2024-03-08 16:33:39,665 - INFO - 💫来到第129个输入，还剩0个💫
2024-03-08 16:33:39,667 - INFO - ----------------------------------------------------------------------------------------------------
2024-03-08 16:33:43,990 - INFO - test unit 在第1轮编译失败，进行修复
2024-03-08 16:33:47,762 - INFO - test unit 在第2轮编译失败，进行修复
2024-03-08 16:33:51,163 - INFO - test unit 在第3轮编译失败，进行修复
2024-03-08 16:33:56,952 - INFO - test unit 4次编译均失败，放弃这一次的生成
