2024-03-08 16:36:48,820 - INFO - selector : real_random
2024-03-08 16:36:48,872 - INFO - 💫来到第1个输入，还剩201个💫
2024-03-08 16:36:48,874 - INFO - ----------------------------------------------------------------------------------------------------
2024-03-08 16:36:54,425 - INFO - test unit 在第1轮编译成功
2024-03-08 16:36:55,247 - INFO - test unit 在第1轮执行失败，进行修复
2024-03-08 16:36:59,123 - INFO - test unit 在第2轮执行失败，进行修复
2024-03-08 16:37:03,264 - INFO - test unit 3次执行均失败，放弃这一次的生成
2024-03-08 16:37:03,268 - INFO - 最终没有生成可以执行通过的用例
----------------------------------------------------------------------------------------------------

2024-03-08 16:37:03,269 - INFO - 💫来到第2个输入，还剩200个💫
2024-03-08 16:37:03,269 - INFO - ----------------------------------------------------------------------------------------------------
2024-03-08 16:37:08,457 - INFO - test unit 在第1轮编译成功
2024-03-08 16:37:09,346 - INFO - test unit 在第1轮执行失败，进行修复
2024-03-08 16:37:14,539 - INFO - test unit 在第2轮执行失败，进行修复
2024-03-08 16:37:19,781 - INFO - test unit 3次执行均失败，放弃这一次的生成
2024-03-08 16:37:19,784 - INFO - 最终没有生成可以执行通过的用例
----------------------------------------------------------------------------------------------------

2024-03-08 16:37:19,784 - INFO - 💫来到第3个输入，还剩199个💫
2024-03-08 16:37:19,785 - INFO - ----------------------------------------------------------------------------------------------------
2024-03-08 16:37:24,522 - INFO - test unit 在第1轮编译成功
2024-03-08 16:37:25,314 - INFO - test unit 在第1轮执行失败，进行修复
2024-03-08 16:37:30,362 - INFO - test unit 在第2轮执行失败，进行修复
2024-03-08 16:37:35,477 - INFO - test unit 3次执行均失败，放弃这一次的生成
2024-03-08 16:37:35,481 - INFO - 最终没有生成可以执行通过的用例
----------------------------------------------------------------------------------------------------

2024-03-08 16:37:35,481 - INFO - 💫来到第4个输入，还剩198个💫
2024-03-08 16:37:35,482 - INFO - ----------------------------------------------------------------------------------------------------
2024-03-08 16:37:39,779 - INFO - test unit 在第1轮编译失败，进行修复
2024-03-08 16:37:43,722 - INFO - test unit 在第2轮编译成功
2024-03-08 16:37:44,465 - INFO - test unit 在第1轮执行成功
2024-03-08 16:37:44,469 - INFO - 💫来到第5个输入，还剩197个💫
2024-03-08 16:37:44,470 - INFO - ----------------------------------------------------------------------------------------------------
2024-03-08 16:37:47,859 - INFO - test unit 在第1轮编译成功
2024-03-08 16:37:48,664 - INFO - test unit 在第1轮执行成功
2024-03-08 16:37:48,667 - INFO - 💫来到第6个输入，还剩196个💫
2024-03-08 16:37:48,667 - INFO - ----------------------------------------------------------------------------------------------------
2024-03-08 16:37:52,859 - INFO - test unit 在第1轮编译成功
2024-03-08 16:37:53,635 - INFO - test unit 在第1轮执行成功
2024-03-08 16:37:53,638 - INFO - 💫来到第7个输入，还剩195个💫
2024-03-08 16:37:53,639 - INFO - ----------------------------------------------------------------------------------------------------
2024-03-08 16:37:58,292 - INFO - test unit 在第1轮编译成功
2024-03-08 16:37:59,099 - INFO - test unit 在第1轮执行成功
2024-03-08 16:37:59,103 - INFO - 💫来到第8个输入，还剩194个💫
2024-03-08 16:37:59,103 - INFO - ----------------------------------------------------------------------------------------------------
2024-03-08 16:38:02,636 - INFO - test unit 在第1轮编译成功
2024-03-08 16:38:03,716 - INFO - test unit 在第1轮执行失败，进行修复
2024-03-08 16:38:07,558 - INFO - test unit 在第2轮执行成功
2024-03-08 16:38:07,562 - INFO - 💫来到第9个输入，还剩193个💫
2024-03-08 16:38:07,563 - INFO - ----------------------------------------------------------------------------------------------------
2024-03-08 16:38:11,954 - INFO - test unit 在第1轮编译失败，进行修复
2024-03-08 16:38:16,513 - INFO - test unit 在第2轮编译失败，进行修复
2024-03-08 16:38:20,545 - INFO - test unit 在第3轮编译失败，进行修复
2024-03-08 16:38:25,032 - INFO - test unit 4次编译均失败，放弃这一次的生成
2024-03-08 16:38:25,035 - INFO - 💫来到第10个输入，还剩192个💫
2024-03-08 16:38:25,035 - INFO - ----------------------------------------------------------------------------------------------------
2024-03-08 16:38:28,852 - INFO - test unit 在第1轮编译失败，进行修复
2024-03-08 16:38:33,137 - INFO - test unit 在第2轮编译失败，进行修复
2024-03-08 16:38:37,122 - INFO - test unit 在第3轮编译失败，进行修复
2024-03-08 16:38:41,679 - INFO - test unit 4次编译均失败，放弃这一次的生成
2024-03-08 16:38:41,679 - INFO - 💫来到第11个输入，还剩191个💫
2024-03-08 16:38:41,680 - INFO - ----------------------------------------------------------------------------------------------------
2024-03-08 16:38:51,250 - INFO - test unit 在第1轮编译成功
2024-03-08 16:38:52,042 - INFO - test unit 在第1轮执行失败，进行修复
2024-03-08 16:38:57,397 - INFO - test unit 在第2轮执行成功
2024-03-08 16:38:57,400 - INFO - 💫来到第12个输入，还剩190个💫
2024-03-08 16:38:57,401 - INFO - ----------------------------------------------------------------------------------------------------
2024-03-08 16:39:01,761 - INFO - test unit 在第1轮编译成功
2024-03-08 16:39:02,520 - INFO - test unit 在第1轮执行成功
2024-03-08 16:39:02,623 - INFO - 💫来到第13个输入，还剩189个💫
2024-03-08 16:39:02,624 - INFO - ----------------------------------------------------------------------------------------------------
2024-03-08 16:39:06,587 - INFO - test unit 在第1轮编译成功
2024-03-08 16:39:08,058 - INFO - test unit 在第1轮执行成功
2024-03-08 16:39:08,062 - INFO - 💫来到第14个输入，还剩188个💫
2024-03-08 16:39:08,063 - INFO - ----------------------------------------------------------------------------------------------------
2024-03-08 16:39:13,325 - INFO - test unit 在第1轮编译成功
2024-03-08 16:39:14,430 - INFO - test unit 在第1轮执行成功
2024-03-08 16:39:14,433 - INFO - 💫来到第15个输入，还剩187个💫
2024-03-08 16:39:14,435 - INFO - ----------------------------------------------------------------------------------------------------
2024-03-08 16:39:18,175 - INFO - test unit 在第1轮编译成功
2024-03-08 16:39:19,011 - INFO - test unit 在第1轮执行成功
2024-03-08 16:39:19,015 - INFO - 💫来到第16个输入，还剩186个💫
2024-03-08 16:39:19,098 - INFO - ----------------------------------------------------------------------------------------------------
2024-03-08 16:39:24,213 - INFO - test unit 在第1轮编译成功
2024-03-08 16:39:24,975 - INFO - test unit 在第1轮执行成功
2024-03-08 16:39:24,980 - INFO - 💫来到第17个输入，还剩185个💫
2024-03-08 16:39:24,980 - INFO - ----------------------------------------------------------------------------------------------------
2024-03-08 16:39:28,815 - INFO - test unit 在第1轮编译成功
2024-03-08 16:39:30,054 - INFO - test unit 在第1轮执行成功
2024-03-08 16:39:30,058 - INFO - 💫来到第18个输入，还剩184个💫
2024-03-08 16:39:30,059 - INFO - ----------------------------------------------------------------------------------------------------
2024-03-08 16:39:34,241 - INFO - test unit 在第1轮编译失败，进行修复
2024-03-08 16:39:39,260 - INFO - test unit 在第2轮编译成功
2024-03-08 16:39:40,467 - INFO - test unit 在第1轮执行成功
2024-03-08 16:39:40,470 - INFO - 💫来到第19个输入，还剩183个💫
2024-03-08 16:39:40,472 - INFO - ----------------------------------------------------------------------------------------------------
2024-03-08 16:39:44,256 - INFO - test unit 在第1轮编译成功
2024-03-08 16:39:45,177 - INFO - test unit 在第1轮执行成功
2024-03-08 16:39:45,180 - INFO - 💫来到第20个输入，还剩182个💫
2024-03-08 16:39:45,181 - INFO - ----------------------------------------------------------------------------------------------------
2024-03-08 16:39:49,723 - INFO - test unit 在第1轮编译失败，进行修复
2024-03-08 16:39:53,411 - INFO - test unit 在第2轮编译失败，进行修复
2024-03-08 16:39:57,332 - INFO - test unit 在第3轮编译成功
2024-03-08 16:39:58,110 - INFO - test unit 在第1轮执行成功
2024-03-08 16:39:58,114 - INFO - 💫来到第21个输入，还剩181个💫
2024-03-08 16:39:58,115 - INFO - ----------------------------------------------------------------------------------------------------
2024-03-08 16:40:02,341 - INFO - test unit 在第1轮编译失败，进行修复
2024-03-08 16:40:06,559 - INFO - test unit 在第2轮编译失败，进行修复
2024-03-08 16:40:11,811 - INFO - test unit 在第3轮编译成功
2024-03-08 16:40:12,573 - INFO - test unit 在第1轮执行成功
2024-03-08 16:40:12,577 - INFO - 💫来到第22个输入，还剩180个💫
2024-03-08 16:40:12,578 - INFO - ----------------------------------------------------------------------------------------------------
2024-03-08 16:40:16,839 - INFO - test unit 在第1轮编译失败，进行修复
2024-03-08 16:40:22,021 - INFO - test unit 在第2轮编译失败，进行修复
2024-03-08 16:40:24,798 - INFO - test unit 在第3轮编译失败，进行修复
2024-03-08 16:40:27,592 - INFO - test unit 4次编译均失败，放弃这一次的生成
2024-03-08 16:40:27,595 - INFO - 💫来到第23个输入，还剩179个💫
2024-03-08 16:40:27,596 - INFO - ----------------------------------------------------------------------------------------------------
2024-03-08 16:40:31,928 - INFO - test unit 在第1轮编译失败，进行修复
2024-03-08 16:40:36,107 - INFO - test unit 在第2轮编译成功
2024-03-08 16:40:36,871 - INFO - test unit 在第1轮执行成功
2024-03-08 16:40:36,872 - INFO - 💫来到第24个输入，还剩178个💫
2024-03-08 16:40:36,873 - INFO - ----------------------------------------------------------------------------------------------------
2024-03-08 16:40:40,659 - INFO - test unit 在第1轮编译成功
2024-03-08 16:40:41,427 - INFO - test unit 在第1轮执行成功
2024-03-08 16:40:41,430 - INFO - 💫来到第25个输入，还剩177个💫
2024-03-08 16:40:41,431 - INFO - ----------------------------------------------------------------------------------------------------
2024-03-08 16:40:45,860 - INFO - test unit 在第1轮编译成功
2024-03-08 16:40:46,633 - INFO - test unit 在第1轮执行成功
2024-03-08 16:40:46,636 - INFO - 💫来到第26个输入，还剩176个💫
2024-03-08 16:40:46,637 - INFO - ----------------------------------------------------------------------------------------------------
2024-03-08 16:40:51,083 - INFO - test unit 在第1轮编译成功
2024-03-08 16:40:51,977 - INFO - test unit 在第1轮执行成功
2024-03-08 16:40:51,980 - INFO - 💫来到第27个输入，还剩175个💫
2024-03-08 16:40:51,981 - INFO - ----------------------------------------------------------------------------------------------------
2024-03-08 16:40:55,428 - INFO - test unit 在第1轮编译成功
2024-03-08 16:40:56,243 - INFO - test unit 在第1轮执行成功
2024-03-08 16:40:56,246 - INFO - 💫来到第28个输入，还剩174个💫
2024-03-08 16:40:56,247 - INFO - ----------------------------------------------------------------------------------------------------
2024-03-08 16:41:00,862 - INFO - test unit 在第1轮编译成功
2024-03-08 16:41:01,660 - INFO - test unit 在第1轮执行成功
2024-03-08 16:41:01,663 - INFO - 💫来到第29个输入，还剩173个💫
2024-03-08 16:41:01,664 - INFO - ----------------------------------------------------------------------------------------------------
2024-03-08 16:41:06,480 - INFO - test unit 在第1轮编译失败，进行修复
2024-03-08 16:41:10,226 - INFO - test unit 在第2轮编译失败，进行修复
2024-03-08 16:41:14,932 - INFO - test unit 在第3轮编译成功
2024-03-08 16:41:16,104 - INFO - test unit 在第1轮执行成功
2024-03-08 16:41:16,108 - INFO - 💫来到第30个输入，还剩172个💫
2024-03-08 16:41:16,110 - INFO - ----------------------------------------------------------------------------------------------------
2024-03-08 16:41:20,421 - INFO - test unit 在第1轮编译失败，进行修复
2024-03-08 16:41:32,521 - INFO - test unit 在第2轮编译失败，进行修复
2024-03-08 16:41:39,568 - INFO - test unit 在第3轮编译成功
2024-03-08 16:41:43,106 - INFO - test unit 在第1轮执行成功
2024-03-08 16:41:43,111 - INFO - 💫来到第31个输入，还剩171个💫
2024-03-08 16:41:43,114 - INFO - ----------------------------------------------------------------------------------------------------
2024-03-08 16:41:48,366 - INFO - test unit 在第1轮编译失败，进行修复
2024-03-08 16:41:52,659 - INFO - test unit 在第2轮编译失败，进行修复
2024-03-08 16:41:57,249 - INFO - test unit 在第3轮编译成功
2024-03-08 16:42:00,409 - INFO - test unit 在第1轮执行成功
2024-03-08 16:42:00,413 - INFO - 💫来到第32个输入，还剩170个💫
2024-03-08 16:42:00,417 - INFO - ----------------------------------------------------------------------------------------------------
2024-03-08 16:42:04,903 - INFO - test unit 在第1轮编译成功
2024-03-08 16:42:07,487 - INFO - test unit 在第1轮执行成功
2024-03-08 16:42:07,492 - INFO - 💫来到第33个输入，还剩169个💫
2024-03-08 16:42:07,497 - INFO - ----------------------------------------------------------------------------------------------------
2024-03-08 16:42:12,485 - INFO - test unit 在第1轮编译失败，进行修复
2024-03-08 16:42:17,635 - INFO - test unit 在第2轮编译失败，进行修复
2024-03-08 16:42:22,785 - INFO - test unit 在第3轮编译成功
2024-03-08 16:42:26,164 - INFO - test unit 在第1轮执行成功
2024-03-08 16:42:26,168 - INFO - 💫来到第34个输入，还剩168个💫
2024-03-08 16:42:26,172 - INFO - ----------------------------------------------------------------------------------------------------
2024-03-08 16:42:31,649 - INFO - test unit 在第1轮编译成功
2024-03-08 16:42:35,312 - INFO - test unit 在第1轮执行成功
2024-03-08 16:42:35,318 - INFO - 💫来到第35个输入，还剩167个💫
2024-03-08 16:42:35,323 - INFO - ----------------------------------------------------------------------------------------------------
2024-03-08 16:42:39,865 - INFO - test unit 在第1轮编译成功
2024-03-08 16:42:41,557 - INFO - test unit 在第1轮执行成功
2024-03-08 16:42:41,558 - INFO - 💫来到第36个输入，还剩166个💫
2024-03-08 16:42:41,560 - INFO - ----------------------------------------------------------------------------------------------------
2024-03-08 16:42:45,754 - INFO - test unit 在第1轮编译失败，进行修复
2024-03-08 16:42:51,856 - INFO - test unit 在第2轮编译失败，进行修复
2024-03-08 16:42:56,078 - INFO - test unit 在第3轮编译失败，进行修复
2024-03-08 16:42:59,989 - INFO - test unit 4次编译均失败，放弃这一次的生成
2024-03-08 16:42:59,992 - INFO - 💫来到第37个输入，还剩165个💫
2024-03-08 16:42:59,993 - INFO - ----------------------------------------------------------------------------------------------------
2024-03-08 16:43:03,610 - INFO - test unit 在第1轮编译失败，进行修复
2024-03-08 16:43:08,697 - INFO - test unit 在第2轮编译失败，进行修复
2024-03-08 16:43:14,686 - INFO - test unit 在第3轮编译失败，进行修复
2024-03-08 16:43:18,964 - INFO - test unit 4次编译均失败，放弃这一次的生成
2024-03-08 16:43:18,968 - INFO - 💫来到第38个输入，还剩164个💫
2024-03-08 16:43:18,969 - INFO - ----------------------------------------------------------------------------------------------------
2024-03-08 16:43:23,329 - INFO - test unit 在第1轮编译失败，进行修复
2024-03-08 16:43:28,275 - INFO - test unit 在第2轮编译失败，进行修复
2024-03-08 16:43:33,092 - INFO - test unit 在第3轮编译失败，进行修复
2024-03-08 16:43:38,277 - INFO - test unit 4次编译均失败，放弃这一次的生成
2024-03-08 16:43:38,278 - INFO - 💫来到第39个输入，还剩163个💫
2024-03-08 16:43:38,278 - INFO - ----------------------------------------------------------------------------------------------------
2024-03-08 16:43:42,584 - INFO - test unit 在第1轮编译失败，进行修复
2024-03-08 16:43:46,901 - INFO - test unit 在第2轮编译失败，进行修复
2024-03-08 16:43:51,452 - INFO - test unit 在第3轮编译失败，进行修复
2024-03-08 16:43:56,255 - INFO - test unit 4次编译均失败，放弃这一次的生成
2024-03-08 16:43:56,260 - INFO - 💫来到第40个输入，还剩162个💫
2024-03-08 16:43:56,260 - INFO - ----------------------------------------------------------------------------------------------------
2024-03-08 16:44:00,953 - INFO - test unit 在第1轮编译成功
2024-03-08 16:44:02,142 - INFO - test unit 在第1轮执行失败，进行修复
2024-03-08 16:44:06,670 - INFO - test unit 在第2轮执行失败，进行修复
2024-03-08 16:44:12,923 - INFO - test unit 3次执行均失败，放弃这一次的生成
2024-03-08 16:44:12,927 - INFO - 最终没有生成可以执行通过的用例
----------------------------------------------------------------------------------------------------

2024-03-08 16:44:12,928 - INFO - 💫来到第41个输入，还剩161个💫
2024-03-08 16:44:12,929 - INFO - ----------------------------------------------------------------------------------------------------
2024-03-08 16:44:18,246 - INFO - test unit 在第1轮编译成功
2024-03-08 16:44:19,711 - INFO - test unit 在第1轮执行失败，进行修复
2024-03-08 16:44:26,643 - INFO - test unit 在第2轮执行失败，进行修复
2024-03-08 16:44:33,766 - INFO - test unit 3次执行均失败，放弃这一次的生成
2024-03-08 16:44:33,770 - INFO - 最终没有生成可以执行通过的用例
----------------------------------------------------------------------------------------------------

2024-03-08 16:44:33,770 - INFO - 💫来到第42个输入，还剩160个💫
2024-03-08 16:44:33,772 - INFO - ----------------------------------------------------------------------------------------------------
2024-03-08 16:44:38,382 - INFO - test unit 在第1轮编译失败，进行修复
2024-03-08 16:44:44,465 - INFO - test unit 在第2轮编译成功
2024-03-08 16:44:45,294 - INFO - test unit 在第1轮执行成功
2024-03-08 16:44:45,297 - INFO - 💫来到第43个输入，还剩159个💫
2024-03-08 16:44:45,298 - INFO - ----------------------------------------------------------------------------------------------------
2024-03-08 16:44:49,420 - INFO - test unit 在第1轮编译失败，进行修复
2024-03-08 16:44:53,317 - INFO - test unit 在第2轮编译失败，进行修复
2024-03-08 16:44:57,707 - INFO - test unit 在第3轮编译成功
2024-03-08 16:44:58,738 - INFO - test unit 在第1轮执行成功
2024-03-08 16:44:58,742 - INFO - 💫来到第44个输入，还剩158个💫
2024-03-08 16:44:58,743 - INFO - ----------------------------------------------------------------------------------------------------
2024-03-08 16:45:03,199 - INFO - test unit 在第1轮编译成功
2024-03-08 16:45:04,386 - INFO - test unit 在第1轮执行成功
2024-03-08 16:45:04,390 - INFO - 💫来到第45个输入，还剩157个💫
2024-03-08 16:45:04,392 - INFO - ----------------------------------------------------------------------------------------------------
2024-03-08 16:45:09,598 - INFO - test unit 在第1轮编译成功
2024-03-08 16:45:10,682 - INFO - test unit 在第1轮执行成功
2024-03-08 16:45:10,686 - INFO - 💫来到第46个输入，还剩156个💫
2024-03-08 16:45:10,687 - INFO - ----------------------------------------------------------------------------------------------------
2024-03-08 16:45:15,733 - INFO - test unit 在第1轮编译失败，进行修复
2024-03-08 16:45:19,496 - INFO - test unit 在第2轮编译成功
2024-03-08 16:45:20,806 - INFO - test unit 在第1轮执行成功
2024-03-08 16:45:20,811 - INFO - 💫来到第47个输入，还剩155个💫
2024-03-08 16:45:20,813 - INFO - ----------------------------------------------------------------------------------------------------
2024-03-08 16:45:25,650 - INFO - test unit 在第1轮编译失败，进行修复
2024-03-08 16:45:29,354 - INFO - test unit 在第2轮编译成功
2024-03-08 16:45:30,164 - INFO - test unit 在第1轮执行成功
2024-03-08 16:45:30,167 - INFO - 💫来到第48个输入，还剩154个💫
2024-03-08 16:45:30,168 - INFO - ----------------------------------------------------------------------------------------------------
2024-03-08 16:45:33,776 - INFO - test unit 在第1轮编译成功
2024-03-08 16:45:34,834 - INFO - test unit 在第1轮执行成功
2024-03-08 16:45:34,838 - INFO - 💫来到第49个输入，还剩153个💫
2024-03-08 16:45:34,839 - INFO - ----------------------------------------------------------------------------------------------------
2024-03-08 16:45:38,480 - INFO - test unit 在第1轮编译成功
2024-03-08 16:45:39,505 - INFO - test unit 在第1轮执行成功
2024-03-08 16:45:39,510 - INFO - 💫来到第50个输入，还剩152个💫
2024-03-08 16:45:39,512 - INFO - ----------------------------------------------------------------------------------------------------
2024-03-08 16:45:43,383 - INFO - test unit 在第1轮编译成功
2024-03-08 16:45:44,785 - INFO - test unit 在第1轮执行成功
2024-03-08 16:45:44,787 - INFO - 💫来到第51个输入，还剩151个💫
2024-03-08 16:45:44,789 - INFO - ----------------------------------------------------------------------------------------------------
2024-03-08 16:45:48,964 - INFO - test unit 在第1轮编译成功
2024-03-08 16:45:50,625 - INFO - test unit 在第1轮执行失败，进行修复
2024-03-08 16:45:55,060 - INFO - test unit 在第2轮执行成功
2024-03-08 16:45:55,064 - INFO - 💫来到第52个输入，还剩150个💫
2024-03-08 16:45:55,065 - INFO - ----------------------------------------------------------------------------------------------------
2024-03-08 16:45:59,300 - INFO - test unit 在第1轮编译成功
2024-03-08 16:46:00,159 - INFO - test unit 在第1轮执行成功
2024-03-08 16:46:00,163 - INFO - 💫来到第53个输入，还剩149个💫
2024-03-08 16:46:00,164 - INFO - ----------------------------------------------------------------------------------------------------
2024-03-08 16:46:04,862 - INFO - test unit 在第1轮编译成功
2024-03-08 16:46:05,638 - INFO - test unit 在第1轮执行成功
2024-03-08 16:46:05,642 - INFO - 💫来到第54个输入，还剩148个💫
2024-03-08 16:46:05,643 - INFO - ----------------------------------------------------------------------------------------------------
2024-03-08 16:46:09,815 - INFO - test unit 在第1轮编译成功
2024-03-08 16:46:10,611 - INFO - test unit 在第1轮执行成功
2024-03-08 16:46:10,611 - INFO - 💫来到第55个输入，还剩147个💫
2024-03-08 16:46:10,612 - INFO - ----------------------------------------------------------------------------------------------------
2024-03-08 16:46:14,504 - INFO - test unit 在第1轮编译成功
2024-03-08 16:46:15,364 - INFO - test unit 在第1轮执行成功
2024-03-08 16:46:15,365 - INFO - 💫来到第56个输入，还剩146个💫
2024-03-08 16:46:15,367 - INFO - ----------------------------------------------------------------------------------------------------
2024-03-08 16:46:20,471 - INFO - test unit 在第1轮编译成功
2024-03-08 16:46:21,729 - INFO - test unit 在第1轮执行失败，进行修复
2024-03-08 16:46:26,160 - INFO - test unit 在第2轮执行成功
2024-03-08 16:46:26,163 - INFO - 💫来到第57个输入，还剩145个💫
2024-03-08 16:46:26,164 - INFO - ----------------------------------------------------------------------------------------------------
2024-03-08 16:46:31,187 - INFO - test unit 在第1轮编译成功
2024-03-08 16:46:31,985 - INFO - test unit 在第1轮执行成功
2024-03-08 16:46:31,989 - INFO - 💫来到第58个输入，还剩144个💫
2024-03-08 16:46:31,990 - INFO - ----------------------------------------------------------------------------------------------------
2024-03-08 16:46:36,299 - INFO - test unit 在第1轮编译成功
2024-03-08 16:46:37,107 - INFO - test unit 在第1轮执行成功
2024-03-08 16:46:37,111 - INFO - 💫来到第59个输入，还剩143个💫
2024-03-08 16:46:37,111 - INFO - ----------------------------------------------------------------------------------------------------
2024-03-08 16:46:42,097 - INFO - test unit 在第1轮编译成功
2024-03-08 16:46:42,899 - INFO - test unit 在第1轮执行成功
2024-03-08 16:46:42,902 - INFO - 💫来到第60个输入，还剩142个💫
2024-03-08 16:46:42,903 - INFO - ----------------------------------------------------------------------------------------------------
2024-03-08 16:46:47,215 - INFO - test unit 在第1轮编译成功
2024-03-08 16:46:48,004 - INFO - test unit 在第1轮执行成功
2024-03-08 16:46:48,007 - INFO - 💫来到第61个输入，还剩141个💫
2024-03-08 16:46:48,008 - INFO - ----------------------------------------------------------------------------------------------------
2024-03-08 16:46:52,615 - INFO - test unit 在第1轮编译成功
2024-03-08 16:46:53,405 - INFO - test unit 在第1轮执行成功
2024-03-08 16:46:53,409 - INFO - 💫来到第62个输入，还剩140个💫
2024-03-08 16:46:53,410 - INFO - ----------------------------------------------------------------------------------------------------
2024-03-08 16:46:57,643 - INFO - test unit 在第1轮编译成功
2024-03-08 16:46:58,423 - INFO - test unit 在第1轮执行成功
2024-03-08 16:46:58,426 - INFO - 💫来到第63个输入，还剩139个💫
2024-03-08 16:46:58,427 - INFO - ----------------------------------------------------------------------------------------------------
2024-03-08 16:47:02,460 - INFO - test unit 在第1轮编译成功
2024-03-08 16:47:03,285 - INFO - test unit 在第1轮执行成功
2024-03-08 16:47:03,290 - INFO - 💫来到第64个输入，还剩138个💫
2024-03-08 16:47:03,291 - INFO - ----------------------------------------------------------------------------------------------------
2024-03-08 16:47:08,716 - INFO - test unit 在第1轮编译成功
2024-03-08 16:47:09,530 - INFO - test unit 在第1轮执行成功
2024-03-08 16:47:09,533 - INFO - 💫来到第65个输入，还剩137个💫
2024-03-08 16:47:09,534 - INFO - ----------------------------------------------------------------------------------------------------
2024-03-08 16:47:13,456 - INFO - test unit 在第1轮编译成功
2024-03-08 16:47:14,252 - INFO - test unit 在第1轮执行成功
2024-03-08 16:47:14,256 - INFO - 💫来到第66个输入，还剩136个💫
2024-03-08 16:47:14,257 - INFO - ----------------------------------------------------------------------------------------------------
2024-03-08 16:47:17,566 - INFO - test unit 在第1轮编译成功
2024-03-08 16:47:18,354 - INFO - test unit 在第1轮执行失败，进行修复
2024-03-08 16:47:23,678 - INFO - test unit 在第2轮执行成功
2024-03-08 16:47:23,681 - INFO - 💫来到第67个输入，还剩135个💫
2024-03-08 16:47:23,683 - INFO - ----------------------------------------------------------------------------------------------------
2024-03-08 16:47:27,522 - INFO - test unit 在第1轮编译成功
2024-03-08 16:47:28,309 - INFO - test unit 在第1轮执行成功
2024-03-08 16:47:28,313 - INFO - 💫来到第68个输入，还剩134个💫
2024-03-08 16:47:28,314 - INFO - ----------------------------------------------------------------------------------------------------
2024-03-08 16:47:32,443 - INFO - test unit 在第1轮编译成功
2024-03-08 16:47:33,294 - INFO - test unit 在第1轮执行成功
2024-03-08 16:47:33,298 - INFO - 💫来到第69个输入，还剩133个💫
2024-03-08 16:47:33,299 - INFO - ----------------------------------------------------------------------------------------------------
2024-03-08 16:47:37,776 - INFO - test unit 在第1轮编译失败，进行修复
2024-03-08 16:47:41,622 - INFO - test unit 在第2轮编译失败，进行修复
2024-03-08 16:47:46,138 - INFO - test unit 在第3轮编译失败，进行修复
2024-03-08 16:47:51,550 - INFO - test unit 4次编译均失败，放弃这一次的生成
2024-03-08 16:47:51,553 - INFO - 💫来到第70个输入，还剩132个💫
2024-03-08 16:47:51,554 - INFO - ----------------------------------------------------------------------------------------------------
2024-03-08 16:47:55,345 - INFO - test unit 在第1轮编译失败，进行修复
2024-03-08 16:47:59,016 - INFO - test unit 在第2轮编译失败，进行修复
2024-03-08 16:48:02,684 - INFO - test unit 在第3轮编译失败，进行修复
2024-03-08 16:48:06,450 - INFO - test unit 4次编译均失败，放弃这一次的生成
2024-03-08 16:48:06,453 - INFO - 💫来到第71个输入，还剩131个💫
2024-03-08 16:48:06,453 - INFO - ----------------------------------------------------------------------------------------------------
2024-03-08 16:48:11,126 - INFO - test unit 在第1轮编译成功
2024-03-08 16:48:11,938 - INFO - test unit 在第1轮执行失败，进行修复
2024-03-08 16:48:16,355 - INFO - test unit 在第2轮执行成功
2024-03-08 16:48:16,358 - INFO - 💫来到第72个输入，还剩130个💫
2024-03-08 16:48:16,359 - INFO - ----------------------------------------------------------------------------------------------------
2024-03-08 16:48:21,006 - INFO - test unit 在第1轮编译失败，进行修复
2024-03-08 16:48:25,219 - INFO - test unit 在第2轮编译成功
2024-03-08 16:48:26,013 - INFO - test unit 在第1轮执行成功
2024-03-08 16:48:26,017 - INFO - 💫来到第73个输入，还剩129个💫
2024-03-08 16:48:26,018 - INFO - ----------------------------------------------------------------------------------------------------
2024-03-08 16:48:29,460 - INFO - test unit 在第1轮编译失败，进行修复
2024-03-08 16:48:34,204 - INFO - test unit 在第2轮编译失败，进行修复
2024-03-08 16:48:39,206 - INFO - test unit 在第3轮编译成功
2024-03-08 16:48:39,991 - INFO - test unit 在第1轮执行成功
2024-03-08 16:48:39,992 - INFO - 💫来到第74个输入，还剩128个💫
2024-03-08 16:48:39,993 - INFO - ----------------------------------------------------------------------------------------------------
2024-03-08 16:48:43,668 - INFO - test unit 在第1轮编译失败，进行修复
2024-03-08 16:48:47,753 - INFO - test unit 在第2轮编译成功
2024-03-08 16:48:48,510 - INFO - test unit 在第1轮执行成功
2024-03-08 16:48:48,511 - INFO - 💫来到第75个输入，还剩127个💫
2024-03-08 16:48:48,511 - INFO - ----------------------------------------------------------------------------------------------------
2024-03-08 16:48:53,417 - INFO - test unit 在第1轮编译失败，进行修复
2024-03-08 16:48:57,856 - INFO - test unit 在第2轮编译成功
2024-03-08 16:48:58,597 - INFO - test unit 在第1轮执行成功
2024-03-08 16:48:58,600 - INFO - 💫来到第76个输入，还剩126个💫
2024-03-08 16:48:58,601 - INFO - ----------------------------------------------------------------------------------------------------
2024-03-08 16:49:03,007 - INFO - test unit 在第1轮编译成功
2024-03-08 16:49:03,823 - INFO - test unit 在第1轮执行成功
2024-03-08 16:49:03,827 - INFO - 💫来到第77个输入，还剩125个💫
2024-03-08 16:49:03,828 - INFO - ----------------------------------------------------------------------------------------------------
2024-03-08 16:49:07,961 - INFO - test unit 在第1轮编译失败，进行修复
2024-03-08 16:49:12,476 - INFO - test unit 在第2轮编译失败，进行修复
2024-03-08 16:49:17,789 - INFO - test unit 在第3轮编译失败，进行修复
2024-03-08 16:49:22,291 - INFO - test unit 在第4轮编译成功
2024-03-08 16:49:23,090 - INFO - test unit 在第1轮执行成功
2024-03-08 16:49:23,093 - INFO - 💫来到第78个输入，还剩124个💫
2024-03-08 16:49:23,095 - INFO - ----------------------------------------------------------------------------------------------------
2024-03-08 16:49:27,473 - INFO - test unit 在第1轮编译失败，进行修复
2024-03-08 16:49:31,118 - INFO - test unit 在第2轮编译成功
2024-03-08 16:49:31,925 - INFO - test unit 在第1轮执行成功
2024-03-08 16:49:31,928 - INFO - 💫来到第79个输入，还剩123个💫
2024-03-08 16:49:31,929 - INFO - ----------------------------------------------------------------------------------------------------
2024-03-08 16:49:36,222 - INFO - test unit 在第1轮编译成功
2024-03-08 16:49:37,037 - INFO - test unit 在第1轮执行失败，进行修复
2024-03-08 16:49:42,117 - INFO - test unit 在第2轮执行成功
2024-03-08 16:49:42,120 - INFO - 💫来到第80个输入，还剩122个💫
2024-03-08 16:49:42,121 - INFO - ----------------------------------------------------------------------------------------------------
2024-03-08 16:49:46,329 - INFO - test unit 在第1轮编译失败，进行修复
2024-03-08 16:49:50,610 - INFO - test unit 在第2轮编译失败，进行修复
2024-03-08 16:49:55,873 - INFO - test unit 在第3轮编译失败，进行修复
2024-03-08 16:50:01,002 - INFO - test unit 4次编译均失败，放弃这一次的生成
2024-03-08 16:50:01,009 - INFO - 💫来到第81个输入，还剩121个💫
2024-03-08 16:50:01,010 - INFO - ----------------------------------------------------------------------------------------------------
2024-03-08 16:50:04,859 - INFO - test unit 在第1轮编译成功
2024-03-08 16:50:05,676 - INFO - test unit 在第1轮执行成功
2024-03-08 16:50:05,679 - INFO - 💫来到第82个输入，还剩120个💫
2024-03-08 16:50:05,679 - INFO - ----------------------------------------------------------------------------------------------------
2024-03-08 16:50:10,642 - INFO - test unit 在第1轮编译成功
2024-03-08 16:50:11,505 - INFO - test unit 在第1轮执行成功
2024-03-08 16:50:11,508 - INFO - 💫来到第83个输入，还剩119个💫
2024-03-08 16:50:11,510 - INFO - ----------------------------------------------------------------------------------------------------
2024-03-08 16:50:15,349 - INFO - test unit 在第1轮编译成功
2024-03-08 16:50:16,138 - INFO - test unit 在第1轮执行成功
2024-03-08 16:50:16,141 - INFO - 💫来到第84个输入，还剩118个💫
2024-03-08 16:50:16,142 - INFO - ----------------------------------------------------------------------------------------------------
2024-03-08 16:50:20,591 - INFO - test unit 在第1轮编译成功
2024-03-08 16:50:21,415 - INFO - test unit 在第1轮执行成功
2024-03-08 16:50:21,418 - INFO - 💫来到第85个输入，还剩117个💫
2024-03-08 16:50:21,419 - INFO - ----------------------------------------------------------------------------------------------------
2024-03-08 16:50:25,801 - INFO - test unit 在第1轮编译成功
2024-03-08 16:50:26,571 - INFO - test unit 在第1轮执行成功
2024-03-08 16:50:26,575 - INFO - 💫来到第86个输入，还剩116个💫
2024-03-08 16:50:26,575 - INFO - ----------------------------------------------------------------------------------------------------
2024-03-08 16:50:30,633 - INFO - test unit 在第1轮编译成功
2024-03-08 16:50:31,468 - INFO - test unit 在第1轮执行失败，进行修复
2024-03-08 16:50:36,800 - INFO - test unit 在第2轮执行成功
2024-03-08 16:50:36,803 - INFO - 💫来到第87个输入，还剩115个💫
2024-03-08 16:50:36,804 - INFO - ----------------------------------------------------------------------------------------------------
2024-03-08 16:50:41,904 - INFO - test unit 在第1轮编译成功
2024-03-08 16:50:42,703 - INFO - test unit 在第1轮执行成功
2024-03-08 16:50:42,706 - INFO - 💫来到第88个输入，还剩114个💫
2024-03-08 16:50:42,707 - INFO - ----------------------------------------------------------------------------------------------------
2024-03-08 16:50:46,619 - INFO - test unit 在第1轮编译成功
2024-03-08 16:50:47,425 - INFO - test unit 在第1轮执行成功
2024-03-08 16:50:47,428 - INFO - 💫来到第89个输入，还剩113个💫
2024-03-08 16:50:47,429 - INFO - ----------------------------------------------------------------------------------------------------
2024-03-08 16:50:51,901 - INFO - test unit 在第1轮编译失败，进行修复
2024-03-08 16:50:55,106 - INFO - test unit 在第2轮编译成功
2024-03-08 16:50:56,001 - INFO - test unit 在第1轮执行成功
2024-03-08 16:50:56,002 - INFO - 💫来到第90个输入，还剩112个💫
2024-03-08 16:50:56,002 - INFO - ----------------------------------------------------------------------------------------------------
2024-03-08 16:51:04,378 - INFO - test unit 在第1轮编译成功
2024-03-08 16:51:11,651 - INFO - test unit 在第1轮执行成功
2024-03-08 16:51:11,656 - INFO - 💫来到第91个输入，还剩111个💫
2024-03-08 16:51:11,660 - INFO - ----------------------------------------------------------------------------------------------------
2024-03-08 16:51:16,372 - INFO - test unit 在第1轮编译失败，进行修复
2024-03-08 16:51:25,642 - INFO - test unit 在第2轮编译成功
2024-03-08 16:51:37,219 - INFO - test unit 在第1轮执行成功
2024-03-08 16:51:37,227 - INFO - 💫来到第92个输入，还剩110个💫
2024-03-08 16:51:37,236 - INFO - ----------------------------------------------------------------------------------------------------
2024-03-08 16:51:42,546 - INFO - test unit 在第1轮编译失败，进行修复
2024-03-08 16:51:46,614 - INFO - test unit 在第2轮编译成功
2024-03-08 16:51:48,323 - INFO - test unit 在第1轮执行成功
2024-03-08 16:51:48,327 - INFO - 💫来到第93个输入，还剩109个💫
2024-03-08 16:51:48,330 - INFO - ----------------------------------------------------------------------------------------------------
2024-03-08 16:51:52,715 - INFO - test unit 在第1轮编译失败，进行修复
2024-03-08 16:51:56,934 - INFO - test unit 在第2轮编译成功
2024-03-08 16:51:59,505 - INFO - test unit 在第1轮执行失败，进行修复
2024-03-08 16:52:04,456 - INFO - test unit 在第2轮执行成功
2024-03-08 16:52:04,460 - INFO - 💫来到第94个输入，还剩108个💫
2024-03-08 16:52:04,463 - INFO - ----------------------------------------------------------------------------------------------------
2024-03-08 16:52:09,833 - INFO - test unit 在第1轮编译成功
2024-03-08 16:52:13,366 - INFO - test unit 在第1轮执行成功
2024-03-08 16:52:13,372 - INFO - 💫来到第95个输入，还剩107个💫
2024-03-08 16:52:13,377 - INFO - ----------------------------------------------------------------------------------------------------
2024-03-08 16:52:18,573 - INFO - test unit 在第1轮编译失败，进行修复
2024-03-08 16:52:22,859 - INFO - test unit 在第2轮编译成功
2024-03-08 16:52:24,902 - INFO - test unit 在第1轮执行成功
2024-03-08 16:52:24,906 - INFO - 💫来到第96个输入，还剩106个💫
2024-03-08 16:52:24,908 - INFO - ----------------------------------------------------------------------------------------------------
2024-03-08 16:52:29,223 - INFO - test unit 在第1轮编译成功
2024-03-08 16:52:30,902 - INFO - test unit 在第1轮执行成功
2024-03-08 16:52:30,903 - INFO - 💫来到第97个输入，还剩105个💫
2024-03-08 16:52:30,906 - INFO - ----------------------------------------------------------------------------------------------------
2024-03-08 16:52:35,199 - INFO - test unit 在第1轮编译失败，进行修复
2024-03-08 16:52:39,159 - INFO - test unit 在第2轮编译成功
2024-03-08 16:52:40,471 - INFO - test unit 在第1轮执行成功
2024-03-08 16:52:40,475 - INFO - 💫来到第98个输入，还剩104个💫
2024-03-08 16:52:40,476 - INFO - ----------------------------------------------------------------------------------------------------
2024-03-08 16:52:44,868 - INFO - test unit 在第1轮编译成功
2024-03-08 16:52:45,737 - INFO - test unit 在第1轮执行成功
2024-03-08 16:52:45,741 - INFO - 💫来到第99个输入，还剩103个💫
2024-03-08 16:52:45,742 - INFO - ----------------------------------------------------------------------------------------------------
2024-03-08 16:52:51,294 - INFO - test unit 在第1轮编译失败，进行修复
2024-03-08 16:52:55,882 - INFO - test unit 在第2轮编译失败，进行修复
2024-03-08 16:53:00,932 - INFO - test unit 在第3轮编译失败，进行修复
2024-03-08 16:53:07,483 - INFO - test unit 4次编译均失败，放弃这一次的生成
2024-03-08 16:53:07,487 - INFO - 💫来到第100个输入，还剩102个💫
2024-03-08 16:53:07,489 - INFO - ----------------------------------------------------------------------------------------------------
2024-03-08 16:53:11,787 - INFO - test unit 在第1轮编译成功
2024-03-08 16:53:13,372 - INFO - test unit 在第1轮执行失败，进行修复
2024-03-08 16:53:19,081 - INFO - test unit 在第2轮执行失败，进行修复
2024-03-08 16:53:24,418 - INFO - test unit 3次执行均失败，放弃这一次的生成
2024-03-08 16:53:24,421 - INFO - 最终没有生成可以执行通过的用例
----------------------------------------------------------------------------------------------------

2024-03-08 16:53:24,421 - INFO - 💫来到第101个输入，还剩101个💫
2024-03-08 16:53:24,422 - INFO - ----------------------------------------------------------------------------------------------------
2024-03-08 16:53:28,719 - INFO - test unit 在第1轮编译失败，进行修复
2024-03-08 16:53:33,346 - INFO - test unit 在第2轮编译失败，进行修复
2024-03-08 16:53:39,099 - INFO - test unit 在第3轮编译失败，进行修复
2024-03-08 16:53:43,671 - INFO - test unit 4次编译均失败，放弃这一次的生成
2024-03-08 16:53:43,674 - INFO - 💫来到第102个输入，还剩100个💫
2024-03-08 16:53:43,675 - INFO - ----------------------------------------------------------------------------------------------------
2024-03-08 16:53:48,315 - INFO - test unit 在第1轮编译失败，进行修复
2024-03-08 16:53:52,816 - INFO - test unit 在第2轮编译失败，进行修复
2024-03-08 16:53:57,054 - INFO - test unit 在第3轮编译失败，进行修复
2024-03-08 16:54:02,270 - INFO - test unit 4次编译均失败，放弃这一次的生成
2024-03-08 16:54:02,270 - INFO - 💫来到第103个输入，还剩99个💫
2024-03-08 16:54:02,270 - INFO - ----------------------------------------------------------------------------------------------------
2024-03-08 16:54:07,226 - INFO - test unit 在第1轮编译失败，进行修复
2024-03-08 16:54:12,224 - INFO - test unit 在第2轮编译成功
2024-03-08 16:54:13,052 - INFO - test unit 在第1轮执行成功
2024-03-08 16:54:13,063 - INFO - 💫来到第104个输入，还剩98个💫
2024-03-08 16:54:13,063 - INFO - ----------------------------------------------------------------------------------------------------
2024-03-08 16:54:17,241 - INFO - test unit 在第1轮编译成功
2024-03-08 16:54:18,058 - INFO - test unit 在第1轮执行失败，进行修复
2024-03-08 16:54:22,362 - INFO - test unit 在第2轮执行失败，进行修复
2024-03-08 16:54:27,250 - INFO - test unit 3次执行均失败，放弃这一次的生成
2024-03-08 16:54:27,250 - INFO - 最终没有生成可以执行通过的用例
----------------------------------------------------------------------------------------------------

2024-03-08 16:54:27,250 - INFO - 💫来到第105个输入，还剩97个💫
2024-03-08 16:54:27,250 - INFO - ----------------------------------------------------------------------------------------------------
2024-03-08 16:54:30,861 - INFO - test unit 在第1轮编译失败，进行修复
2024-03-08 16:54:35,190 - INFO - test unit 在第2轮编译失败，进行修复
2024-03-08 16:54:39,941 - INFO - test unit 在第3轮编译成功
2024-03-08 16:54:40,657 - INFO - test unit 在第1轮执行成功
2024-03-08 16:54:40,657 - INFO - 💫来到第106个输入，还剩96个💫
2024-03-08 16:54:40,657 - INFO - ----------------------------------------------------------------------------------------------------
2024-03-08 16:54:46,471 - INFO - test unit 在第1轮编译成功
2024-03-08 16:54:47,235 - INFO - test unit 在第1轮执行失败，进行修复
2024-03-08 16:54:50,588 - INFO - test unit 在第2轮执行失败，进行修复
2024-03-08 16:54:53,902 - INFO - test unit 3次执行均失败，放弃这一次的生成
2024-03-08 16:54:53,915 - INFO - 最终没有生成可以执行通过的用例
----------------------------------------------------------------------------------------------------

2024-03-08 16:54:53,915 - INFO - 💫来到第107个输入，还剩95个💫
2024-03-08 16:54:53,916 - INFO - ----------------------------------------------------------------------------------------------------
2024-03-08 16:54:58,810 - INFO - test unit 在第1轮编译成功
2024-03-08 16:54:59,615 - INFO - test unit 在第1轮执行失败，进行修复
2024-03-08 16:55:03,384 - INFO - test unit 在第2轮执行失败，进行修复
2024-03-08 16:55:07,233 - INFO - test unit 3次执行均失败，放弃这一次的生成
2024-03-08 16:55:07,233 - INFO - 最终没有生成可以执行通过的用例
----------------------------------------------------------------------------------------------------

2024-03-08 16:55:07,233 - INFO - 💫来到第108个输入，还剩94个💫
2024-03-08 16:55:07,233 - INFO - ----------------------------------------------------------------------------------------------------
2024-03-08 16:55:11,799 - INFO - test unit 在第1轮编译成功
2024-03-08 16:55:12,555 - INFO - test unit 在第1轮执行成功
2024-03-08 16:55:12,565 - INFO - 💫来到第109个输入，还剩93个💫
2024-03-08 16:55:12,565 - INFO - ----------------------------------------------------------------------------------------------------
2024-03-08 16:55:17,221 - INFO - test unit 在第1轮编译成功
2024-03-08 16:55:18,012 - INFO - test unit 在第1轮执行成功
2024-03-08 16:55:18,012 - INFO - 💫来到第110个输入，还剩92个💫
2024-03-08 16:55:18,012 - INFO - ----------------------------------------------------------------------------------------------------
2024-03-08 16:55:22,102 - INFO - test unit 在第1轮编译失败，进行修复
2024-03-08 16:55:26,823 - INFO - test unit 在第2轮编译失败，进行修复
2024-03-08 16:55:31,699 - INFO - test unit 在第3轮编译失败，进行修复
2024-03-08 16:55:35,862 - INFO - test unit 4次编译均失败，放弃这一次的生成
2024-03-08 16:55:35,862 - INFO - 💫来到第111个输入，还剩91个💫
2024-03-08 16:55:35,862 - INFO - ----------------------------------------------------------------------------------------------------
2024-03-08 16:55:40,482 - INFO - test unit 在第1轮编译成功
2024-03-08 16:55:41,308 - INFO - test unit 在第1轮执行失败，进行修复
2024-03-08 16:55:45,163 - INFO - test unit 在第2轮执行成功
2024-03-08 16:55:45,163 - INFO - 💫来到第112个输入，还剩90个💫
2024-03-08 16:55:45,163 - INFO - ----------------------------------------------------------------------------------------------------
2024-03-08 16:55:50,518 - INFO - test unit 在第1轮编译成功
2024-03-08 16:55:51,296 - INFO - test unit 在第1轮执行成功
2024-03-08 16:55:51,296 - INFO - 💫来到第113个输入，还剩89个💫
2024-03-08 16:55:51,301 - INFO - ----------------------------------------------------------------------------------------------------
2024-03-08 16:55:55,801 - INFO - test unit 在第1轮编译失败，进行修复
2024-03-08 16:56:00,883 - INFO - test unit 在第2轮编译失败，进行修复
2024-03-08 16:56:05,508 - INFO - test unit 在第3轮编译成功
2024-03-08 16:56:06,456 - INFO - test unit 在第1轮执行失败，进行修复
2024-03-08 16:56:10,614 - INFO - test unit 在第2轮执行失败，进行修复
2024-03-08 16:56:15,249 - INFO - test unit 3次执行均失败，放弃这一次的生成
2024-03-08 16:56:15,249 - INFO - 最终没有生成可以执行通过的用例
----------------------------------------------------------------------------------------------------

2024-03-08 16:56:15,249 - INFO - 💫来到第114个输入，还剩88个💫
2024-03-08 16:56:15,249 - INFO - ----------------------------------------------------------------------------------------------------
2024-03-08 16:56:19,618 - INFO - test unit 在第1轮编译成功
2024-03-08 16:56:20,471 - INFO - test unit 在第1轮执行失败，进行修复
2024-03-08 16:56:24,416 - INFO - test unit 在第2轮执行失败，进行修复
2024-03-08 16:56:28,351 - INFO - test unit 在第3轮执行成功
2024-03-08 16:56:28,351 - INFO - 💫来到第115个输入，还剩87个💫
2024-03-08 16:56:28,351 - INFO - ----------------------------------------------------------------------------------------------------
2024-03-08 16:56:32,486 - INFO - test unit 在第1轮编译成功
2024-03-08 16:56:33,371 - INFO - test unit 在第1轮执行成功
2024-03-08 16:56:33,371 - INFO - 💫来到第116个输入，还剩86个💫
2024-03-08 16:56:33,387 - INFO - ----------------------------------------------------------------------------------------------------
2024-03-08 16:56:38,685 - INFO - test unit 在第1轮编译成功
2024-03-08 16:56:39,536 - INFO - test unit 在第1轮执行成功
2024-03-08 16:56:39,536 - INFO - 💫来到第117个输入，还剩85个💫
2024-03-08 16:56:39,536 - INFO - ----------------------------------------------------------------------------------------------------
2024-03-08 16:56:44,336 - INFO - test unit 在第1轮编译成功
2024-03-08 16:56:45,188 - INFO - test unit 在第1轮执行失败，进行修复
2024-03-08 16:56:49,344 - INFO - test unit 在第2轮执行成功
2024-03-08 16:56:49,344 - INFO - 💫来到第118个输入，还剩84个💫
2024-03-08 16:56:49,344 - INFO - ----------------------------------------------------------------------------------------------------
2024-03-08 16:56:53,646 - INFO - test unit 在第1轮编译成功
2024-03-08 16:56:54,442 - INFO - test unit 在第1轮执行成功
2024-03-08 16:56:54,442 - INFO - 💫来到第119个输入，还剩83个💫
2024-03-08 16:56:54,442 - INFO - ----------------------------------------------------------------------------------------------------
2024-03-08 16:56:58,266 - INFO - test unit 在第1轮编译成功
2024-03-08 16:56:59,177 - INFO - test unit 在第1轮执行成功
2024-03-08 16:56:59,179 - INFO - 💫来到第120个输入，还剩82个💫
2024-03-08 16:56:59,180 - INFO - ----------------------------------------------------------------------------------------------------
2024-03-08 16:57:03,518 - INFO - test unit 在第1轮编译成功
2024-03-08 16:57:04,337 - INFO - test unit 在第1轮执行成功
2024-03-08 16:57:04,337 - INFO - 💫来到第121个输入，还剩81个💫
2024-03-08 16:57:04,337 - INFO - ----------------------------------------------------------------------------------------------------
2024-03-08 16:57:08,904 - INFO - test unit 在第1轮编译失败，进行修复
2024-03-08 16:57:12,805 - INFO - test unit 在第2轮编译成功
2024-03-08 16:57:13,681 - INFO - test unit 在第1轮执行失败，进行修复
2024-03-08 16:57:17,240 - INFO - test unit 在第2轮执行成功
2024-03-08 16:57:17,240 - INFO - 💫来到第122个输入，还剩80个💫
2024-03-08 16:57:17,240 - INFO - ----------------------------------------------------------------------------------------------------
2024-03-08 16:57:21,833 - INFO - test unit 在第1轮编译成功
2024-03-08 16:57:22,664 - INFO - test unit 在第1轮执行成功
2024-03-08 16:57:22,664 - INFO - 💫来到第123个输入，还剩79个💫
2024-03-08 16:57:22,669 - INFO - ----------------------------------------------------------------------------------------------------
2024-03-08 16:57:27,564 - INFO - test unit 在第1轮编译成功
2024-03-08 16:57:28,414 - INFO - test unit 在第1轮执行失败，进行修复
2024-03-08 16:57:32,276 - INFO - test unit 在第2轮执行成功
2024-03-08 16:57:32,276 - INFO - 💫来到第124个输入，还剩78个💫
2024-03-08 16:57:32,292 - INFO - ----------------------------------------------------------------------------------------------------
2024-03-08 16:57:36,020 - INFO - test unit 在第1轮编译成功
2024-03-08 16:57:36,850 - INFO - test unit 在第1轮执行成功
2024-03-08 16:57:36,850 - INFO - 💫来到第125个输入，还剩77个💫
2024-03-08 16:57:36,860 - INFO - ----------------------------------------------------------------------------------------------------
2024-03-08 16:57:40,965 - INFO - test unit 在第1轮编译成功
2024-03-08 16:57:41,816 - INFO - test unit 在第1轮执行成功
2024-03-08 16:57:41,816 - INFO - 💫来到第126个输入，还剩76个💫
2024-03-08 16:57:41,816 - INFO - ----------------------------------------------------------------------------------------------------
2024-03-08 16:57:46,114 - INFO - test unit 在第1轮编译成功
2024-03-08 16:57:46,931 - INFO - test unit 在第1轮执行成功
2024-03-08 16:57:46,931 - INFO - 💫来到第127个输入，还剩75个💫
2024-03-08 16:57:46,931 - INFO - ----------------------------------------------------------------------------------------------------
2024-03-08 16:57:50,914 - INFO - test unit 在第1轮编译成功
2024-03-08 16:57:51,697 - INFO - test unit 在第1轮执行成功
2024-03-08 16:57:51,697 - INFO - 💫来到第128个输入，还剩74个💫
2024-03-08 16:57:51,697 - INFO - ----------------------------------------------------------------------------------------------------
2024-03-08 16:57:55,828 - INFO - test unit 在第1轮编译成功
2024-03-08 16:57:56,650 - INFO - test unit 在第1轮执行成功
2024-03-08 16:57:56,660 - INFO - 💫来到第129个输入，还剩73个💫
2024-03-08 16:57:56,660 - INFO - ----------------------------------------------------------------------------------------------------
2024-03-08 16:58:00,784 - INFO - test unit 在第1轮编译成功
2024-03-08 16:58:01,543 - INFO - test unit 在第1轮执行成功
2024-03-08 16:58:01,543 - INFO - 💫来到第130个输入，还剩72个💫
2024-03-08 16:58:01,543 - INFO - ----------------------------------------------------------------------------------------------------
2024-03-08 16:58:05,562 - INFO - test unit 在第1轮编译成功
2024-03-08 16:58:06,314 - INFO - test unit 在第1轮执行成功
2024-03-08 16:58:06,314 - INFO - 💫来到第131个输入，还剩71个💫
2024-03-08 16:58:06,314 - INFO - ----------------------------------------------------------------------------------------------------
2024-03-08 16:58:10,841 - INFO - test unit 在第1轮编译成功
2024-03-08 16:58:11,673 - INFO - test unit 在第1轮执行成功
2024-03-08 16:58:11,674 - INFO - 💫来到第132个输入，还剩70个💫
2024-03-08 16:58:11,674 - INFO - ----------------------------------------------------------------------------------------------------
2024-03-08 16:58:15,859 - INFO - test unit 在第1轮编译成功
2024-03-08 16:58:16,658 - INFO - test unit 在第1轮执行失败，进行修复
2024-03-08 16:58:21,121 - INFO - test unit 在第2轮执行成功
2024-03-08 16:58:21,121 - INFO - 💫来到第133个输入，还剩69个💫
2024-03-08 16:58:21,121 - INFO - ----------------------------------------------------------------------------------------------------
2024-03-08 16:58:25,625 - INFO - test unit 在第1轮编译成功
2024-03-08 16:58:26,330 - INFO - test unit 在第1轮执行成功
2024-03-08 16:58:26,330 - INFO - 💫来到第134个输入，还剩68个💫
2024-03-08 16:58:26,330 - INFO - ----------------------------------------------------------------------------------------------------
2024-03-08 16:58:31,691 - INFO - test unit 在第1轮编译成功
2024-03-08 16:58:32,581 - INFO - test unit 在第1轮执行成功
2024-03-08 16:58:32,585 - INFO - 💫来到第135个输入，还剩67个💫
2024-03-08 16:58:32,586 - INFO - ----------------------------------------------------------------------------------------------------
2024-03-08 16:58:36,531 - INFO - test unit 在第1轮编译成功
2024-03-08 16:58:37,407 - INFO - test unit 在第1轮执行成功
2024-03-08 16:58:37,407 - INFO - 💫来到第136个输入，还剩66个💫
2024-03-08 16:58:37,407 - INFO - ----------------------------------------------------------------------------------------------------
2024-03-08 16:58:41,839 - INFO - test unit 在第1轮编译成功
2024-03-08 16:58:42,670 - INFO - test unit 在第1轮执行成功
2024-03-08 16:58:42,670 - INFO - 💫来到第137个输入，还剩65个💫
2024-03-08 16:58:42,670 - INFO - ----------------------------------------------------------------------------------------------------
2024-03-08 16:58:46,438 - INFO - test unit 在第1轮编译成功
2024-03-08 16:58:47,267 - INFO - test unit 在第1轮执行成功
2024-03-08 16:58:47,267 - INFO - 💫来到第138个输入，还剩64个💫
2024-03-08 16:58:47,267 - INFO - ----------------------------------------------------------------------------------------------------
2024-03-08 16:58:51,939 - INFO - test unit 在第1轮编译成功
2024-03-08 16:58:52,802 - INFO - test unit 在第1轮执行成功
2024-03-08 16:58:52,802 - INFO - 💫来到第139个输入，还剩63个💫
2024-03-08 16:58:52,802 - INFO - ----------------------------------------------------------------------------------------------------
2024-03-08 16:58:57,259 - INFO - test unit 在第1轮编译成功
2024-03-08 16:58:58,088 - INFO - test unit 在第1轮执行成功
2024-03-08 16:58:58,088 - INFO - 💫来到第140个输入，还剩62个💫
2024-03-08 16:58:58,088 - INFO - ----------------------------------------------------------------------------------------------------
2024-03-08 16:59:02,679 - INFO - test unit 在第1轮编译失败，进行修复
2024-03-08 16:59:07,448 - INFO - test unit 在第2轮编译失败，进行修复
2024-03-08 16:59:11,657 - INFO - test unit 在第3轮编译失败，进行修复
2024-03-08 16:59:16,789 - INFO - test unit 4次编译均失败，放弃这一次的生成
2024-03-08 16:59:16,789 - INFO - 💫来到第141个输入，还剩61个💫
2024-03-08 16:59:16,805 - INFO - ----------------------------------------------------------------------------------------------------
2024-03-08 16:59:21,773 - INFO - test unit 在第1轮编译失败，进行修复
2024-03-08 16:59:26,785 - INFO - test unit 在第2轮编译失败，进行修复
2024-03-08 16:59:31,355 - INFO - test unit 在第3轮编译失败，进行修复
2024-03-08 16:59:35,657 - INFO - test unit 4次编译均失败，放弃这一次的生成
2024-03-08 16:59:35,661 - INFO - 💫来到第142个输入，还剩60个💫
2024-03-08 16:59:35,661 - INFO - ----------------------------------------------------------------------------------------------------
2024-03-08 16:59:39,811 - INFO - test unit 在第1轮编译失败，进行修复
2024-03-08 16:59:44,815 - INFO - test unit 在第2轮编译成功
2024-03-08 16:59:45,693 - INFO - test unit 在第1轮执行失败，进行修复
2024-03-08 16:59:49,903 - INFO - test unit 在第2轮执行失败，进行修复
2024-03-08 16:59:55,893 - INFO - test unit 3次执行均失败，放弃这一次的生成
2024-03-08 16:59:55,894 - INFO - 最终没有生成可以执行通过的用例
----------------------------------------------------------------------------------------------------

2024-03-08 16:59:55,894 - INFO - 💫来到第143个输入，还剩59个💫
2024-03-08 16:59:55,895 - INFO - ----------------------------------------------------------------------------------------------------
2024-03-08 17:00:02,851 - INFO - test unit 在第1轮编译失败，进行修复
2024-03-08 17:00:09,444 - INFO - test unit 在第2轮编译成功
2024-03-08 17:00:10,230 - INFO - test unit 在第1轮执行失败，进行修复
2024-03-08 17:00:16,863 - INFO - test unit 在第2轮执行失败，进行修复
2024-03-08 17:00:22,636 - INFO - test unit 3次执行均失败，放弃这一次的生成
2024-03-08 17:00:22,636 - INFO - 最终没有生成可以执行通过的用例
----------------------------------------------------------------------------------------------------

2024-03-08 17:00:22,636 - INFO - 💫来到第144个输入，还剩58个💫
2024-03-08 17:00:22,636 - INFO - ----------------------------------------------------------------------------------------------------
2024-03-08 17:00:30,475 - INFO - test unit 在第1轮编译失败，进行修复
2024-03-08 17:00:45,096 - INFO - test unit 在第2轮编译成功
2024-03-08 17:00:45,967 - INFO - test unit 在第1轮执行失败，进行修复
2024-03-08 17:00:52,756 - INFO - test unit 在第2轮执行失败，进行修复
2024-03-08 17:00:58,233 - INFO - test unit 3次执行均失败，放弃这一次的生成
2024-03-08 17:00:58,233 - INFO - 最终没有生成可以执行通过的用例
----------------------------------------------------------------------------------------------------

2024-03-08 17:00:58,233 - INFO - 💫来到第145个输入，还剩57个💫
2024-03-08 17:00:58,233 - INFO - ----------------------------------------------------------------------------------------------------
2024-03-08 17:01:04,289 - INFO - test unit 在第1轮编译失败，进行修复
2024-03-08 17:01:11,532 - INFO - test unit 在第2轮编译失败，进行修复
2024-03-08 17:01:16,578 - INFO - test unit 在第3轮编译失败，进行修复
2024-03-08 17:01:23,933 - INFO - test unit 4次编译均失败，放弃这一次的生成
2024-03-08 17:01:23,936 - INFO - 💫来到第146个输入，还剩56个💫
2024-03-08 17:01:23,937 - INFO - ----------------------------------------------------------------------------------------------------
2024-03-08 17:01:28,798 - INFO - test unit 在第1轮编译失败，进行修复
2024-03-08 17:01:33,622 - INFO - test unit 在第2轮编译成功
2024-03-08 17:01:34,488 - INFO - test unit 在第1轮执行成功
2024-03-08 17:01:34,488 - INFO - 💫来到第147个输入，还剩55个💫
2024-03-08 17:01:34,488 - INFO - ----------------------------------------------------------------------------------------------------
2024-03-08 17:01:40,020 - INFO - test unit 在第1轮编译失败，进行修复
2024-03-08 17:01:44,317 - INFO - test unit 在第2轮编译失败，进行修复
2024-03-08 17:01:50,238 - INFO - test unit 在第3轮编译成功
2024-03-08 17:01:51,101 - INFO - test unit 在第1轮执行失败，进行修复
2024-03-08 17:01:56,730 - INFO - test unit 在第2轮执行失败，进行修复
2024-03-08 17:02:04,105 - INFO - test unit 在第3轮执行成功
2024-03-08 17:02:04,105 - INFO - 💫来到第148个输入，还剩54个💫
2024-03-08 17:02:04,105 - INFO - ----------------------------------------------------------------------------------------------------
2024-03-08 17:02:10,521 - INFO - test unit 在第1轮编译失败，进行修复
2024-03-08 17:02:15,622 - INFO - test unit 在第2轮编译失败，进行修复
2024-03-08 17:02:20,507 - INFO - test unit 在第3轮编译失败，进行修复
2024-03-08 17:02:25,024 - INFO - test unit 4次编译均失败，放弃这一次的生成
2024-03-08 17:02:25,024 - INFO - 💫来到第149个输入，还剩53个💫
2024-03-08 17:02:25,024 - INFO - ----------------------------------------------------------------------------------------------------
2024-03-08 17:02:30,764 - INFO - test unit 在第1轮编译失败，进行修复
2024-03-08 17:02:39,795 - INFO - test unit 在第2轮编译成功
2024-03-08 17:02:40,643 - INFO - test unit 在第1轮执行成功
2024-03-08 17:02:40,643 - INFO - 💫来到第150个输入，还剩52个💫
2024-03-08 17:02:40,643 - INFO - ----------------------------------------------------------------------------------------------------
2024-03-08 17:02:46,555 - INFO - test unit 在第1轮编译失败，进行修复
2024-03-08 17:02:55,893 - INFO - test unit 在第2轮编译失败，进行修复
2024-03-08 17:03:03,186 - INFO - test unit 在第3轮编译成功
2024-03-08 17:03:04,036 - INFO - test unit 在第1轮执行成功
2024-03-08 17:03:04,036 - INFO - 💫来到第151个输入，还剩51个💫
2024-03-08 17:03:04,036 - INFO - ----------------------------------------------------------------------------------------------------
2024-03-08 17:03:09,869 - INFO - test unit 在第1轮编译失败，进行修复
2024-03-08 17:03:16,562 - INFO - test unit 在第2轮编译失败，进行修复
2024-03-08 17:03:21,316 - INFO - test unit 在第3轮编译成功
2024-03-08 17:03:22,271 - INFO - test unit 在第1轮执行失败，进行修复
2024-03-08 17:04:41,613 - INFO - test unit 在第2轮执行成功
2024-03-08 17:04:41,613 - INFO - 💫来到第152个输入，还剩50个💫
2024-03-08 17:04:41,613 - INFO - ----------------------------------------------------------------------------------------------------
2024-03-08 17:04:49,503 - INFO - test unit 在第1轮编译失败，进行修复
2024-03-08 17:04:54,342 - INFO - test unit 在第2轮编译成功
2024-03-08 17:04:55,250 - INFO - test unit 在第1轮执行失败，进行修复
2024-03-08 17:05:00,751 - INFO - test unit 在第2轮执行失败，进行修复
2024-03-08 17:05:07,785 - INFO - test unit 3次执行均失败，放弃这一次的生成
2024-03-08 17:05:07,785 - INFO - 最终没有生成可以执行通过的用例
----------------------------------------------------------------------------------------------------

2024-03-08 17:05:07,785 - INFO - 💫来到第153个输入，还剩49个💫
2024-03-08 17:05:07,799 - INFO - ----------------------------------------------------------------------------------------------------
2024-03-08 17:05:16,801 - INFO - test unit 在第1轮编译失败，进行修复
2024-03-08 17:05:23,587 - INFO - test unit 在第2轮编译失败，进行修复
2024-03-08 17:05:30,884 - INFO - test unit 在第3轮编译成功
2024-03-08 17:05:31,772 - INFO - test unit 在第1轮执行成功
2024-03-08 17:05:31,772 - INFO - 💫来到第154个输入，还剩48个💫
2024-03-08 17:05:31,772 - INFO - ----------------------------------------------------------------------------------------------------
2024-03-08 17:05:38,878 - INFO - test unit 在第1轮编译失败，进行修复
2024-03-08 17:05:44,523 - INFO - test unit 在第2轮编译成功
2024-03-08 17:05:45,523 - INFO - test unit 在第1轮执行失败，进行修复
2024-03-08 17:05:53,922 - INFO - test unit 在第2轮执行失败，进行修复
2024-03-08 17:05:59,960 - INFO - test unit 3次执行均失败，放弃这一次的生成
2024-03-08 17:05:59,960 - INFO - 最终没有生成可以执行通过的用例
----------------------------------------------------------------------------------------------------

2024-03-08 17:05:59,960 - INFO - 💫来到第155个输入，还剩47个💫
2024-03-08 17:05:59,975 - INFO - ----------------------------------------------------------------------------------------------------
2024-03-08 17:06:07,851 - INFO - test unit 在第1轮编译失败，进行修复
2024-03-08 17:06:14,799 - INFO - test unit 在第2轮编译成功
2024-03-08 17:06:15,905 - INFO - test unit 在第1轮执行成功
2024-03-08 17:06:15,921 - INFO - 💫来到第156个输入，还剩46个💫
2024-03-08 17:06:15,922 - INFO - ----------------------------------------------------------------------------------------------------
2024-03-08 17:06:22,323 - INFO - test unit 在第1轮编译失败，进行修复
2024-03-08 17:06:28,236 - INFO - test unit 在第2轮编译成功
2024-03-08 17:06:29,071 - INFO - test unit 在第1轮执行失败，进行修复
2024-03-08 17:06:34,903 - INFO - test unit 在第2轮执行失败，进行修复
2024-03-08 17:06:41,667 - INFO - test unit 3次执行均失败，放弃这一次的生成
2024-03-08 17:06:41,672 - INFO - 最终没有生成可以执行通过的用例
----------------------------------------------------------------------------------------------------

2024-03-08 17:06:41,672 - INFO - 💫来到第157个输入，还剩45个💫
2024-03-08 17:06:41,673 - INFO - ----------------------------------------------------------------------------------------------------
2024-03-08 17:06:46,985 - INFO - test unit 在第1轮编译失败，进行修复
2024-03-08 17:06:52,226 - INFO - test unit 在第2轮编译成功
2024-03-08 17:06:54,344 - INFO - test unit 在第1轮执行成功
2024-03-08 17:06:54,346 - INFO - 💫来到第158个输入，还剩44个💫
2024-03-08 17:06:54,351 - INFO - ----------------------------------------------------------------------------------------------------
2024-03-08 17:07:02,233 - INFO - test unit 在第1轮编译失败，进行修复
2024-03-08 17:07:09,549 - INFO - test unit 在第2轮编译成功
2024-03-08 17:07:10,548 - INFO - test unit 在第1轮执行失败，进行修复
2024-03-08 17:07:16,035 - INFO - test unit 在第2轮执行成功
2024-03-08 17:07:16,035 - INFO - 💫来到第159个输入，还剩43个💫
2024-03-08 17:07:16,035 - INFO - ----------------------------------------------------------------------------------------------------
2024-03-08 17:07:23,045 - INFO - test unit 在第1轮编译失败，进行修复
2024-03-08 17:07:28,716 - INFO - test unit 在第2轮编译成功
2024-03-08 17:07:29,952 - INFO - test unit 在第1轮执行成功
2024-03-08 17:07:29,960 - INFO - 💫来到第160个输入，还剩42个💫
2024-03-08 17:07:29,960 - INFO - ----------------------------------------------------------------------------------------------------
2024-03-08 17:07:37,257 - INFO - test unit 在第1轮编译失败，进行修复
2024-03-08 17:07:41,566 - INFO - test unit 在第2轮编译成功
2024-03-08 17:07:42,420 - INFO - test unit 在第1轮执行失败，进行修复
2024-03-08 17:07:47,713 - INFO - test unit 在第2轮执行失败，进行修复
2024-03-08 17:07:53,689 - INFO - test unit 3次执行均失败，放弃这一次的生成
2024-03-08 17:07:53,692 - INFO - 最终没有生成可以执行通过的用例
----------------------------------------------------------------------------------------------------

2024-03-08 17:07:53,693 - INFO - 💫来到第161个输入，还剩41个💫
2024-03-08 17:07:53,693 - INFO - ----------------------------------------------------------------------------------------------------
2024-03-08 17:07:59,816 - INFO - test unit 在第1轮编译失败，进行修复
2024-03-08 17:08:05,228 - INFO - test unit 在第2轮编译成功
2024-03-08 17:08:06,121 - INFO - test unit 在第1轮执行成功
2024-03-08 17:08:06,121 - INFO - 💫来到第162个输入，还剩40个💫
2024-03-08 17:08:06,121 - INFO - ----------------------------------------------------------------------------------------------------
2024-03-08 17:08:11,500 - INFO - test unit 在第1轮编译失败，进行修复
2024-03-08 17:08:15,790 - INFO - test unit 在第2轮编译失败，进行修复
2024-03-08 17:08:20,177 - INFO - test unit 在第3轮编译失败，进行修复
2024-03-08 17:08:24,312 - INFO - test unit 4次编译均失败，放弃这一次的生成
2024-03-08 17:08:24,312 - INFO - 💫来到第163个输入，还剩39个💫
2024-03-08 17:08:24,312 - INFO - ----------------------------------------------------------------------------------------------------
2024-03-08 17:08:30,399 - INFO - test unit 在第1轮编译失败，进行修复
2024-03-08 17:08:35,800 - INFO - test unit 在第2轮编译成功
2024-03-08 17:08:36,664 - INFO - test unit 在第1轮执行失败，进行修复
2024-03-08 17:08:41,696 - INFO - test unit 在第2轮执行失败，进行修复
2024-03-08 17:08:47,192 - INFO - test unit 3次执行均失败，放弃这一次的生成
2024-03-08 17:08:47,192 - INFO - 最终没有生成可以执行通过的用例
----------------------------------------------------------------------------------------------------

2024-03-08 17:08:47,192 - INFO - 💫来到第164个输入，还剩38个💫
2024-03-08 17:08:47,197 - INFO - ----------------------------------------------------------------------------------------------------
2024-03-08 17:08:56,709 - INFO - test unit 在第1轮编译失败，进行修复
2024-03-08 17:09:02,870 - INFO - test unit 在第2轮编译失败，进行修复
2024-03-08 17:09:08,614 - INFO - test unit 在第3轮编译成功
2024-03-08 17:09:09,506 - INFO - test unit 在第1轮执行失败，进行修复
2024-03-08 17:09:15,545 - INFO - test unit 在第2轮执行失败，进行修复
2024-03-08 17:09:24,366 - INFO - test unit 在第3轮执行成功
2024-03-08 17:09:24,366 - INFO - 💫来到第165个输入，还剩37个💫
2024-03-08 17:09:24,366 - INFO - ----------------------------------------------------------------------------------------------------
2024-03-08 17:09:29,701 - INFO - test unit 在第1轮编译失败，进行修复
2024-03-08 17:09:36,421 - INFO - test unit 在第2轮编译成功
2024-03-08 17:09:37,331 - INFO - test unit 在第1轮执行成功
2024-03-08 17:09:37,331 - INFO - 💫来到第166个输入，还剩36个💫
2024-03-08 17:09:37,331 - INFO - ----------------------------------------------------------------------------------------------------
2024-03-08 17:09:42,415 - INFO - test unit 在第1轮编译失败，进行修复
2024-03-08 17:09:47,436 - INFO - test unit 在第2轮编译成功
2024-03-08 17:09:48,302 - INFO - test unit 在第1轮执行失败，进行修复
2024-03-08 17:09:53,278 - INFO - test unit 在第2轮执行失败，进行修复
2024-03-08 17:09:59,001 - INFO - test unit 3次执行均失败，放弃这一次的生成
2024-03-08 17:09:59,001 - INFO - 最终没有生成可以执行通过的用例
----------------------------------------------------------------------------------------------------

2024-03-08 17:09:59,001 - INFO - 💫来到第167个输入，还剩35个💫
2024-03-08 17:09:59,001 - INFO - ----------------------------------------------------------------------------------------------------
2024-03-08 17:10:06,984 - INFO - test unit 在第1轮编译失败，进行修复
2024-03-08 17:10:12,879 - INFO - test unit 在第2轮编译成功
2024-03-08 17:10:13,720 - INFO - test unit 在第1轮执行成功
2024-03-08 17:10:13,720 - INFO - 💫来到第168个输入，还剩34个💫
2024-03-08 17:10:13,720 - INFO - ----------------------------------------------------------------------------------------------------
2024-03-08 17:10:19,697 - INFO - test unit 在第1轮编译失败，进行修复
2024-03-08 17:10:31,377 - INFO - test unit 在第2轮编译失败，进行修复
2024-03-08 17:10:35,645 - INFO - test unit 在第3轮编译失败，进行修复
2024-03-08 17:10:39,608 - INFO - test unit 4次编译均失败，放弃这一次的生成
2024-03-08 17:10:39,608 - INFO - 💫来到第169个输入，还剩33个💫
2024-03-08 17:10:39,608 - INFO - ----------------------------------------------------------------------------------------------------
2024-03-08 17:10:45,002 - INFO - test unit 在第1轮编译失败，进行修复
2024-03-08 17:10:50,026 - INFO - test unit 在第2轮编译成功
2024-03-08 17:10:50,867 - INFO - test unit 在第1轮执行成功
2024-03-08 17:10:50,871 - INFO - 💫来到第170个输入，还剩32个💫
2024-03-08 17:10:50,872 - INFO - ----------------------------------------------------------------------------------------------------
2024-03-08 17:10:56,081 - INFO - test unit 在第1轮编译失败，进行修复
2024-03-08 17:11:01,105 - INFO - test unit 在第2轮编译失败，进行修复
2024-03-08 17:11:08,322 - INFO - test unit 在第3轮编译失败，进行修复
2024-03-08 17:11:18,508 - INFO - test unit 在第4轮编译成功
2024-03-08 17:11:19,397 - INFO - test unit 在第1轮执行失败，进行修复
2024-03-08 17:11:25,577 - INFO - test unit 在第2轮执行失败，进行修复
2024-03-08 17:11:33,499 - INFO - test unit 3次执行均失败，放弃这一次的生成
2024-03-08 17:11:33,505 - INFO - 最终没有生成可以执行通过的用例
----------------------------------------------------------------------------------------------------

2024-03-08 17:11:33,507 - INFO - 💫来到第171个输入，还剩31个💫
2024-03-08 17:11:33,510 - INFO - ----------------------------------------------------------------------------------------------------
2024-03-08 17:11:39,686 - INFO - test unit 在第1轮编译失败，进行修复
2024-03-08 17:11:44,797 - INFO - test unit 在第2轮编译失败，进行修复
2024-03-08 17:11:50,731 - INFO - test unit 在第3轮编译失败，进行修复
2024-03-08 17:11:56,299 - INFO - test unit 4次编译均失败，放弃这一次的生成
2024-03-08 17:11:56,302 - INFO - 💫来到第172个输入，还剩30个💫
2024-03-08 17:11:56,302 - INFO - ----------------------------------------------------------------------------------------------------
2024-03-08 17:12:02,359 - INFO - test unit 在第1轮编译失败，进行修复
2024-03-08 17:12:13,883 - INFO - test unit 在第2轮编译失败，进行修复
2024-03-08 17:12:27,516 - INFO - test unit 在第3轮编译成功
2024-03-08 17:12:32,074 - INFO - test unit 在第1轮执行成功
2024-03-08 17:12:32,078 - INFO - 💫来到第173个输入，还剩29个💫
2024-03-08 17:12:32,081 - INFO - ----------------------------------------------------------------------------------------------------
2024-03-08 17:12:38,029 - INFO - test unit 在第1轮编译失败，进行修复
2024-03-08 17:12:45,797 - INFO - test unit 在第2轮编译成功
2024-03-08 17:12:48,038 - INFO - test unit 在第1轮执行成功
2024-03-08 17:12:48,042 - INFO - 💫来到第174个输入，还剩28个💫
2024-03-08 17:12:48,044 - INFO - ----------------------------------------------------------------------------------------------------
2024-03-08 17:12:54,001 - INFO - test unit 在第1轮编译失败，进行修复
2024-03-08 17:12:59,437 - INFO - test unit 在第2轮编译成功
2024-03-08 17:13:00,309 - INFO - test unit 在第1轮执行成功
2024-03-08 17:13:00,309 - INFO - 💫来到第175个输入，还剩27个💫
2024-03-08 17:13:00,309 - INFO - ----------------------------------------------------------------------------------------------------
2024-03-08 17:13:07,215 - INFO - test unit 在第1轮编译失败，进行修复
2024-03-08 17:13:12,860 - INFO - test unit 在第2轮编译成功
2024-03-08 17:13:13,889 - INFO - test unit 在第1轮执行失败，进行修复
2024-03-08 17:13:20,996 - INFO - test unit 在第2轮执行失败，进行修复
2024-03-08 17:13:27,617 - INFO - test unit 3次执行均失败，放弃这一次的生成
2024-03-08 17:13:27,620 - INFO - 最终没有生成可以执行通过的用例
----------------------------------------------------------------------------------------------------

2024-03-08 17:13:27,621 - INFO - 💫来到第176个输入，还剩26个💫
2024-03-08 17:13:27,621 - INFO - ----------------------------------------------------------------------------------------------------
2024-03-08 17:13:33,817 - INFO - test unit 在第1轮编译失败，进行修复
2024-03-08 17:13:38,840 - INFO - test unit 在第2轮编译成功
2024-03-08 17:13:39,939 - INFO - test unit 在第1轮执行成功
2024-03-08 17:13:39,939 - INFO - 💫来到第177个输入，还剩25个💫
2024-03-08 17:13:39,939 - INFO - ----------------------------------------------------------------------------------------------------
2024-03-08 17:13:45,247 - INFO - test unit 在第1轮编译失败，进行修复
2024-03-08 17:13:50,282 - INFO - test unit 在第2轮编译失败，进行修复
2024-03-08 17:13:55,019 - INFO - test unit 在第3轮编译成功
2024-03-08 17:13:55,956 - INFO - test unit 在第1轮执行成功
2024-03-08 17:13:55,956 - INFO - 💫来到第178个输入，还剩24个💫
2024-03-08 17:13:55,961 - INFO - ----------------------------------------------------------------------------------------------------
2024-03-08 17:14:01,531 - INFO - test unit 在第1轮编译失败，进行修复
2024-03-08 17:14:06,388 - INFO - test unit 在第2轮编译失败，进行修复
2024-03-08 17:14:12,645 - INFO - test unit 在第3轮编译失败，进行修复
2024-03-08 17:14:18,587 - INFO - test unit 在第4轮编译成功
2024-03-08 17:14:19,634 - INFO - test unit 在第1轮执行成功
2024-03-08 17:14:19,647 - INFO - 💫来到第179个输入，还剩23个💫
2024-03-08 17:14:19,647 - INFO - ----------------------------------------------------------------------------------------------------
2024-03-08 17:14:26,262 - INFO - test unit 在第1轮编译失败，进行修复
2024-03-08 17:14:32,179 - INFO - test unit 在第2轮编译成功
2024-03-08 17:14:33,286 - INFO - test unit 在第1轮执行失败，进行修复
2024-03-08 17:14:41,184 - INFO - test unit 在第2轮执行失败，进行修复
2024-03-08 17:14:47,158 - INFO - test unit 3次执行均失败，放弃这一次的生成
2024-03-08 17:14:47,161 - INFO - 最终没有生成可以执行通过的用例
----------------------------------------------------------------------------------------------------

2024-03-08 17:14:47,162 - INFO - 💫来到第180个输入，还剩22个💫
2024-03-08 17:14:47,163 - INFO - ----------------------------------------------------------------------------------------------------
2024-03-08 17:14:53,932 - INFO - test unit 在第1轮编译失败，进行修复
2024-03-08 17:15:02,510 - INFO - test unit 在第2轮编译失败，进行修复
2024-03-08 17:15:08,745 - INFO - test unit 在第3轮编译失败，进行修复
2024-03-08 17:15:14,635 - INFO - test unit 4次编译均失败，放弃这一次的生成
2024-03-08 17:15:14,635 - INFO - 💫来到第181个输入，还剩21个💫
2024-03-08 17:15:14,651 - INFO - ----------------------------------------------------------------------------------------------------
2024-03-08 17:15:21,794 - INFO - test unit 在第1轮编译失败，进行修复
2024-03-08 17:15:28,561 - INFO - test unit 在第2轮编译失败，进行修复
2024-03-08 17:15:37,308 - INFO - test unit 在第3轮编译失败，进行修复
2024-03-08 17:15:44,961 - INFO - test unit 4次编译均失败，放弃这一次的生成
2024-03-08 17:15:44,964 - INFO - 💫来到第182个输入，还剩20个💫
2024-03-08 17:15:44,964 - INFO - ----------------------------------------------------------------------------------------------------
2024-03-08 17:15:49,925 - INFO - test unit 在第1轮编译失败，进行修复
2024-03-08 17:15:57,182 - INFO - test unit 在第2轮编译失败，进行修复
2024-03-08 17:16:04,335 - INFO - test unit 在第3轮编译失败，进行修复
2024-03-08 17:16:12,478 - INFO - test unit 4次编译均失败，放弃这一次的生成
2024-03-08 17:16:12,483 - INFO - 💫来到第183个输入，还剩19个💫
2024-03-08 17:16:12,483 - INFO - ----------------------------------------------------------------------------------------------------
2024-03-08 17:16:18,334 - INFO - test unit 在第1轮编译失败，进行修复
2024-03-08 17:16:25,239 - INFO - test unit 在第2轮编译成功
2024-03-08 17:16:26,098 - INFO - test unit 在第1轮执行成功
2024-03-08 17:16:26,098 - INFO - 💫来到第184个输入，还剩18个💫
2024-03-08 17:16:26,098 - INFO - ----------------------------------------------------------------------------------------------------
2024-03-08 17:16:32,777 - INFO - test unit 在第1轮编译失败，进行修复
2024-03-08 17:16:37,987 - INFO - test unit 在第2轮编译失败，进行修复
2024-03-08 17:16:44,442 - INFO - test unit 在第3轮编译失败，进行修复
2024-03-08 17:16:52,487 - INFO - test unit 4次编译均失败，放弃这一次的生成
2024-03-08 17:16:52,487 - INFO - 💫来到第185个输入，还剩17个💫
2024-03-08 17:16:52,487 - INFO - ----------------------------------------------------------------------------------------------------
2024-03-08 17:16:57,173 - INFO - test unit 在第1轮编译失败，进行修复
2024-03-08 17:17:03,027 - INFO - test unit 在第2轮编译失败，进行修复
2024-03-08 17:17:09,464 - INFO - test unit 在第3轮编译失败，进行修复
2024-03-08 17:17:16,679 - INFO - test unit 4次编译均失败，放弃这一次的生成
2024-03-08 17:17:16,679 - INFO - 💫来到第186个输入，还剩16个💫
2024-03-08 17:17:16,679 - INFO - ----------------------------------------------------------------------------------------------------
2024-03-08 17:17:21,586 - INFO - test unit 在第1轮编译失败，进行修复
2024-03-08 17:17:26,980 - INFO - test unit 在第2轮编译失败，进行修复
2024-03-08 17:17:32,354 - INFO - test unit 在第3轮编译失败，进行修复
2024-03-08 17:17:37,329 - INFO - test unit 4次编译均失败，放弃这一次的生成
2024-03-08 17:17:37,329 - INFO - 💫来到第187个输入，还剩15个💫
2024-03-08 17:17:37,329 - INFO - ----------------------------------------------------------------------------------------------------
2024-03-08 17:17:42,898 - INFO - test unit 在第1轮编译失败，进行修复
2024-03-08 17:17:48,477 - INFO - test unit 在第2轮编译失败，进行修复
2024-03-08 17:17:53,802 - INFO - test unit 在第3轮编译失败，进行修复
2024-03-08 17:18:06,193 - INFO - test unit 4次编译均失败，放弃这一次的生成
2024-03-08 17:18:06,197 - INFO - 💫来到第188个输入，还剩14个💫
2024-03-08 17:18:06,198 - INFO - ----------------------------------------------------------------------------------------------------
2024-03-08 17:18:12,737 - INFO - test unit 在第1轮编译失败，进行修复
2024-03-08 17:18:17,575 - INFO - test unit 在第2轮编译失败，进行修复
2024-03-08 17:18:25,444 - INFO - test unit 在第3轮编译失败，进行修复
2024-03-08 17:18:33,479 - INFO - test unit 4次编译均失败，放弃这一次的生成
2024-03-08 17:18:33,497 - INFO - 💫来到第189个输入，还剩13个💫
2024-03-08 17:18:33,498 - INFO - ----------------------------------------------------------------------------------------------------
2024-03-08 17:18:39,313 - INFO - test unit 在第1轮编译失败，进行修复
2024-03-08 17:18:44,630 - INFO - test unit 在第2轮编译失败，进行修复
2024-03-08 17:18:54,229 - INFO - test unit 在第3轮编译失败，进行修复
2024-03-08 17:19:00,665 - INFO - test unit 4次编译均失败，放弃这一次的生成
2024-03-08 17:19:00,665 - INFO - 💫来到第190个输入，还剩12个💫
2024-03-08 17:19:00,681 - INFO - ----------------------------------------------------------------------------------------------------
2024-03-08 17:19:06,019 - INFO - test unit 在第1轮编译失败，进行修复
2024-03-08 17:19:10,129 - INFO - test unit 在第2轮编译失败，进行修复
2024-03-08 17:19:14,762 - INFO - test unit 在第3轮编译失败，进行修复
2024-03-08 17:19:27,236 - INFO - test unit 4次编译均失败，放弃这一次的生成
2024-03-08 17:19:27,252 - INFO - 💫来到第191个输入，还剩11个💫
2024-03-08 17:19:27,252 - INFO - ----------------------------------------------------------------------------------------------------
2024-03-08 17:19:39,015 - INFO - test unit 在第1轮编译失败，进行修复
2024-03-08 17:19:49,533 - INFO - test unit 在第2轮编译失败，进行修复
2024-03-08 17:19:58,087 - INFO - test unit 在第3轮编译失败，进行修复
2024-03-08 17:20:02,771 - INFO - test unit 4次编译均失败，放弃这一次的生成
2024-03-08 17:20:02,771 - INFO - 💫来到第192个输入，还剩10个💫
2024-03-08 17:20:02,771 - INFO - ----------------------------------------------------------------------------------------------------
2024-03-08 17:20:08,353 - INFO - test unit 在第1轮编译失败，进行修复
2024-03-08 17:20:13,020 - INFO - test unit 在第2轮编译失败，进行修复
2024-03-08 17:20:19,204 - INFO - test unit 在第3轮编译失败，进行修复
2024-03-08 17:20:25,500 - INFO - test unit 4次编译均失败，放弃这一次的生成
2024-03-08 17:20:25,500 - INFO - 💫来到第193个输入，还剩9个💫
2024-03-08 17:20:25,501 - INFO - ----------------------------------------------------------------------------------------------------
2024-03-08 17:20:31,618 - INFO - test unit 在第1轮编译失败，进行修复
2024-03-08 17:20:40,577 - INFO - test unit 在第2轮编译失败，进行修复
2024-03-08 17:20:45,753 - INFO - test unit 在第3轮编译失败，进行修复
2024-03-08 17:20:55,202 - INFO - test unit 4次编译均失败，放弃这一次的生成
2024-03-08 17:20:55,202 - INFO - 💫来到第194个输入，还剩8个💫
2024-03-08 17:20:55,221 - INFO - ----------------------------------------------------------------------------------------------------
2024-03-08 17:21:00,726 - INFO - test unit 在第1轮编译失败，进行修复
2024-03-08 17:21:04,920 - INFO - test unit 在第2轮编译失败，进行修复
2024-03-08 17:21:09,720 - INFO - test unit 在第3轮编译失败，进行修复
2024-03-08 17:21:14,169 - INFO - test unit 4次编译均失败，放弃这一次的生成
2024-03-08 17:21:14,169 - INFO - 💫来到第195个输入，还剩7个💫
2024-03-08 17:21:14,169 - INFO - ----------------------------------------------------------------------------------------------------
2024-03-08 17:21:18,922 - INFO - test unit 在第1轮编译失败，进行修复
2024-03-08 17:21:27,257 - INFO - test unit 在第2轮编译失败，进行修复
2024-03-08 17:21:41,660 - INFO - test unit 在第3轮编译失败，进行修复
2024-03-08 17:21:49,306 - INFO - test unit 4次编译均失败，放弃这一次的生成
2024-03-08 17:21:49,306 - INFO - 💫来到第196个输入，还剩6个💫
2024-03-08 17:21:49,306 - INFO - ----------------------------------------------------------------------------------------------------
2024-03-08 17:21:54,702 - INFO - test unit 在第1轮编译失败，进行修复
2024-03-08 17:22:00,629 - INFO - test unit 在第2轮编译成功
2024-03-08 17:22:01,595 - INFO - test unit 在第1轮执行失败，进行修复
2024-03-08 17:22:05,715 - INFO - test unit 在第2轮执行失败，进行修复
2024-03-08 17:22:10,981 - INFO - test unit 3次执行均失败，放弃这一次的生成
2024-03-08 17:22:10,984 - INFO - 最终没有生成可以执行通过的用例
----------------------------------------------------------------------------------------------------

2024-03-08 17:22:10,984 - INFO - 💫来到第197个输入，还剩5个💫
2024-03-08 17:22:10,985 - INFO - ----------------------------------------------------------------------------------------------------
2024-03-08 17:22:16,449 - INFO - test unit 在第1轮编译失败，进行修复
2024-03-08 17:22:21,100 - INFO - test unit 在第2轮编译失败，进行修复
2024-03-08 17:22:27,401 - INFO - test unit 在第3轮编译失败，进行修复
2024-03-08 17:22:34,862 - INFO - test unit 4次编译均失败，放弃这一次的生成
2024-03-08 17:22:34,862 - INFO - 💫来到第198个输入，还剩4个💫
2024-03-08 17:22:34,862 - INFO - ----------------------------------------------------------------------------------------------------
2024-03-08 17:22:40,019 - INFO - test unit 在第1轮编译成功
2024-03-08 17:22:40,848 - INFO - test unit 在第1轮执行成功
2024-03-08 17:22:40,848 - INFO - 💫来到第199个输入，还剩3个💫
2024-03-08 17:22:40,848 - INFO - ----------------------------------------------------------------------------------------------------
2024-03-08 17:22:47,511 - INFO - test unit 在第1轮编译失败，进行修复
2024-03-08 17:22:51,836 - INFO - test unit 在第2轮编译失败，进行修复
2024-03-08 17:22:57,303 - INFO - test unit 在第3轮编译失败，进行修复
2024-03-08 17:23:03,993 - INFO - test unit 4次编译均失败，放弃这一次的生成
2024-03-08 17:23:03,993 - INFO - 💫来到第200个输入，还剩2个💫
2024-03-08 17:23:03,993 - INFO - ----------------------------------------------------------------------------------------------------
2024-03-08 17:23:10,437 - INFO - test unit 在第1轮编译失败，进行修复
2024-03-08 17:23:15,301 - INFO - test unit 在第2轮编译失败，进行修复
2024-03-08 17:23:22,848 - INFO - test unit 在第3轮编译成功
2024-03-08 17:23:23,653 - INFO - test unit 在第1轮执行成功
2024-03-08 17:23:23,653 - INFO - 💫来到第201个输入，还剩1个💫
2024-03-08 17:23:23,653 - INFO - ----------------------------------------------------------------------------------------------------
2024-03-08 17:23:28,076 - INFO - test unit 在第1轮编译失败，进行修复
2024-03-08 17:23:32,674 - INFO - test unit 在第2轮编译失败，进行修复
2024-03-08 17:23:37,322 - INFO - test unit 在第3轮编译失败，进行修复
2024-03-08 17:23:41,800 - INFO - test unit 4次编译均失败，放弃这一次的生成
2024-03-08 17:23:41,800 - INFO - 💫来到第202个输入，还剩0个💫
2024-03-08 17:23:41,800 - INFO - ----------------------------------------------------------------------------------------------------
2024-03-08 17:23:47,163 - INFO - test unit 在第1轮编译失败，进行修复
2024-03-08 17:23:51,763 - INFO - test unit 在第2轮编译失败，进行修复
2024-03-08 17:23:56,558 - INFO - test unit 在第3轮编译成功
2024-03-08 17:23:57,364 - INFO - test unit 在第1轮执行失败，进行修复
2024-03-08 17:24:02,517 - INFO - test unit 在第2轮执行成功
