2024-03-09 16:54:42,213 - INFO - selector : real_random
2024-03-09 16:54:42,226 - INFO - 💫来到第1个输入，还剩1214个💫
2024-03-09 16:54:42,226 - INFO - ----------------------------------------------------------------------------------------------------
2024-03-09 16:54:47,682 - INFO - test unit 在第1轮编译成功
2024-03-09 16:54:48,818 - INFO - test unit 在第1轮执行成功
2024-03-09 16:54:48,818 - INFO - 💫来到第2个输入，还剩1213个💫
2024-03-09 16:54:48,834 - INFO - ----------------------------------------------------------------------------------------------------
2024-03-09 16:54:54,716 - INFO - test unit 在第1轮编译成功
2024-03-09 16:54:55,787 - INFO - test unit 在第1轮执行成功
2024-03-09 16:54:55,798 - INFO - 💫来到第3个输入，还剩1212个💫
2024-03-09 16:54:55,798 - INFO - ----------------------------------------------------------------------------------------------------
2024-03-09 16:55:00,884 - INFO - test unit 在第1轮编译成功
2024-03-09 16:55:01,935 - INFO - test unit 在第1轮执行成功
2024-03-09 16:55:01,935 - INFO - 💫来到第4个输入，还剩1211个💫
2024-03-09 16:55:01,935 - INFO - ----------------------------------------------------------------------------------------------------
2024-03-09 16:55:07,417 - INFO - test unit 在第1轮编译成功
2024-03-09 16:55:08,554 - INFO - test unit 在第1轮执行成功
2024-03-09 16:55:08,554 - INFO - 💫来到第5个输入，还剩1210个💫
2024-03-09 16:55:08,570 - INFO - ----------------------------------------------------------------------------------------------------
2024-03-09 16:55:14,273 - INFO - test unit 在第1轮编译成功
2024-03-09 16:55:15,341 - INFO - test unit 在第1轮执行成功
2024-03-09 16:55:15,341 - INFO - 💫来到第6个输入，还剩1209个💫
2024-03-09 16:55:15,357 - INFO - ----------------------------------------------------------------------------------------------------
